---------------------------------------------------------------
[ 2018-02-26T18:07:44+08:00 ] 127.0.0.1 GET /login
[ info ] localhost/login [运行时间：0.054885s][吞吐率：18.22req/s] [内存消耗：1,304.24kb] [文件加载：45]
[ info ] [ LANG ] E:\phpStudy\PHPTutorial\WWW\tp5.0\thinkphp\lang\zh-cn.php
[ info ] [ ROUTE ] array (
  'type' => 'module',
  'module' => 
  array (
    0 => 'test',
    1 => 'Mysqldb',
    2 => 'login',
  ),
  'convert' => false,
)
[ info ] [ HEADER ] array (
  'cookie' => 'pgv_pvi=8334624768; Phpstorm-d94e29df=3e57be35-439d-4c88-96f0-17e535265bc9; PHPSESSID=kgonn22v00dvt9hda88mnfeaa7',
  'accept-language' => 'zh-CN,zh;q=0.9',
  'accept-encoding' => 'gzip, deflate, br',
  'accept' => 'text/html,application/xhtml+xml,application/xml;q=0.9,image/webp,image/apng,*/*;q=0.8',
  'user-agent' => 'Mozilla/5.0 (Windows NT 10.0; WOW64) AppleWebKit/537.36 (KHTML, like Gecko) Chrome/64.0.3282.167 Safari/537.36',
  'upgrade-insecure-requests' => '1',
  'connection' => 'keep-alive',
  'host' => 'localhost',
  'content-length' => '',
  'content-type' => '',
)
[ info ] [ PARAM ] array (
)
[ info ] [ RUN ] app\test\controller\Mysqldb->login[ E:\phpStudy\PHPTutorial\WWW\tp5.0\application\test\controller\Mysqldb.php ]
[ info ] [ VIEW ] E:\phpStudy\PHPTutorial\WWW\tp5.0\public/../application/test\view\mysqldb\login.php [ array (
) ]
[ info ] [ LOG ] INIT File
---------------------------------------------------------------
[ 2018-02-26T18:07:50+08:00 ] 127.0.0.1 GET /studySystem/userHome
[ info ] localhost/studySystem/userHome [运行时间：0.016048s][吞吐率：62.31req/s] [内存消耗：1,306.37kb] [文件加载：43]
[ info ] [ LANG ] E:\phpStudy\PHPTutorial\WWW\tp5.0\thinkphp\lang\zh-cn.php
[ info ] [ ROUTE ] array (
  'type' => 'module',
  'module' => 
  array (
    0 => 'studySystem',
    1 => 'Index',
    2 => 'userHome',
  ),
  'convert' => false,
)
[ info ] [ HEADER ] array (
  'cookie' => 'pgv_pvi=8334624768; Phpstorm-d94e29df=3e57be35-439d-4c88-96f0-17e535265bc9; PHPSESSID=kgonn22v00dvt9hda88mnfeaa7',
  'accept-language' => 'zh-CN,zh;q=0.9',
  'accept-encoding' => 'gzip, deflate, br',
  'accept' => 'text/html,application/xhtml+xml,application/xml;q=0.9,image/webp,image/apng,*/*;q=0.8',
  'user-agent' => 'Mozilla/5.0 (Windows NT 10.0; WOW64) AppleWebKit/537.36 (KHTML, like Gecko) Chrome/64.0.3282.167 Safari/537.36',
  'upgrade-insecure-requests' => '1',
  'connection' => 'keep-alive',
  'host' => 'localhost',
  'content-length' => '',
  'content-type' => '',
)
[ info ] [ PARAM ] array (
)
[ info ] [ RUN ] app\studySystem\controller\Index->userHome[ E:\phpStudy\PHPTutorial\WWW\tp5.0\application\studySystem\controller\Index.php ]
[ info ] [ VIEW ] E:\phpStudy\PHPTutorial\WWW\tp5.0\public/../application/studysystem\view\index\userHome.php [ array (
) ]
[ info ] [ LOG ] INIT File
---------------------------------------------------------------
[ 2018-02-26T18:07:50+08:00 ] 127.0.0.1 GET /studySystem/userHome/head
[ info ] localhost/studySystem/userHome/head [运行时间：0.017566s][吞吐率：56.93req/s] [内存消耗：1,570.32kb] [文件加载：45]
[ info ] [ LANG ] E:\phpStudy\PHPTutorial\WWW\tp5.0\thinkphp\lang\zh-cn.php
[ info ] [ ROUTE ] array (
  'type' => 'module',
  'module' => 
  array (
    0 => 'studySystem',
    1 => 'Index',
    2 => 'userHomeHead',
  ),
  'convert' => false,
)
[ info ] [ HEADER ] array (
  'cookie' => 'pgv_pvi=8334624768; Phpstorm-d94e29df=3e57be35-439d-4c88-96f0-17e535265bc9; PHPSESSID=kgonn22v00dvt9hda88mnfeaa7',
  'accept-language' => 'zh-CN,zh;q=0.9',
  'accept-encoding' => 'gzip, deflate, br',
  'referer' => 'http://localhost/studySystem/userHome',
  'accept' => 'text/html,application/xhtml+xml,application/xml;q=0.9,image/webp,image/apng,*/*;q=0.8',
  'user-agent' => 'Mozilla/5.0 (Windows NT 10.0; WOW64) AppleWebKit/537.36 (KHTML, like Gecko) Chrome/64.0.3282.167 Safari/537.36',
  'upgrade-insecure-requests' => '1',
  'connection' => 'keep-alive',
  'host' => 'localhost',
  'content-length' => '',
  'content-type' => '',
)
[ info ] [ PARAM ] array (
)
[ info ] [ RUN ] app\studySystem\controller\Index->userHomeHead[ E:\phpStudy\PHPTutorial\WWW\tp5.0\application\studySystem\controller\Index.php ]
[ info ] [ VIEW ] E:\phpStudy\PHPTutorial\WWW\tp5.0\public/../application/studysystem\view\index\userHomeHead.php [ array (
) ]
[ info ] [ LOG ] INIT File
---------------------------------------------------------------
[ 2018-02-26T18:07:50+08:00 ] 127.0.0.1 GET /static/studySystem/css/(print.css)print
[ info ] localhost/static/studySystem/css/(print.css)print [运行时间：0.014807s][吞吐率：67.54req/s] [内存消耗：1,107.66kb] [文件加载：38]
[ info ] [ LANG ] E:\phpStudy\PHPTutorial\WWW\tp5.0\thinkphp\lang\zh-cn.php
[ info ] [ ROUTE ] array (
  'type' => 'module',
  'module' => 
  array (
    0 => 'static',
    1 => 'studySystem',
    2 => 'css',
  ),
)
[ info ] [ HEADER ] array (
  'cookie' => 'pgv_pvi=8334624768; Phpstorm-d94e29df=3e57be35-439d-4c88-96f0-17e535265bc9; PHPSESSID=kgonn22v00dvt9hda88mnfeaa7',
  'accept-language' => 'zh-CN,zh;q=0.9',
  'accept-encoding' => 'gzip, deflate, br',
  'referer' => 'http://localhost/static/studySystem/main.html',
  'accept' => 'text/css,*/*;q=0.1',
  'user-agent' => 'Mozilla/5.0 (Windows NT 10.0; WOW64) AppleWebKit/537.36 (KHTML, like Gecko) Chrome/64.0.3282.167 Safari/537.36',
  'connection' => 'keep-alive',
  'host' => 'localhost',
  'content-length' => '',
  'content-type' => '',
)
[ info ] [ PARAM ] array (
)
[ info ] [ LOG ] INIT File
---------------------------------------------------------------
[ 2018-02-26T18:07:50+08:00 ] 127.0.0.1 GET /static/studySystem/images/common/right.gif
[ info ] localhost/static/studySystem/images/common/right.gif [运行时间：0.014808s][吞吐率：67.53req/s] [内存消耗：1,108.14kb] [文件加载：38]
[ info ] [ LANG ] E:\phpStudy\PHPTutorial\WWW\tp5.0\thinkphp\lang\zh-cn.php
[ info ] [ ROUTE ] array (
  'type' => 'module',
  'module' => 
  array (
    0 => 'static',
    1 => 'studySystem',
    2 => 'images',
  ),
)
[ info ] [ HEADER ] array (
  'cookie' => 'pgv_pvi=8334624768; Phpstorm-d94e29df=3e57be35-439d-4c88-96f0-17e535265bc9; PHPSESSID=kgonn22v00dvt9hda88mnfeaa7',
  'accept-language' => 'zh-CN,zh;q=0.9',
  'accept-encoding' => 'gzip, deflate, br',
  'referer' => 'http://localhost/static/studySystem/css/base.css',
  'accept' => 'image/webp,image/apng,image/*,*/*;q=0.8',
  'user-agent' => 'Mozilla/5.0 (Windows NT 10.0; WOW64) AppleWebKit/537.36 (KHTML, like Gecko) Chrome/64.0.3282.167 Safari/537.36',
  'connection' => 'keep-alive',
  'host' => 'localhost',
  'content-length' => '',
  'content-type' => '',
)
[ info ] [ PARAM ] array (
  'common' => 'right.gif',
)
[ info ] [ LOG ] INIT File
---------------------------------------------------------------
[ 2018-02-26T18:08:20+08:00 ] 127.0.0.1 GET /studySystem/userHome
[ info ] localhost/studySystem/userHome [运行时间：0.024749s][吞吐率：40.41req/s] [内存消耗：1,090.70kb] [文件加载：38]
[ info ] [ LANG ] E:\phpStudy\PHPTutorial\WWW\tp5.0\thinkphp\lang\zh-cn.php
[ info ] [ ROUTE ] array (
  'type' => 'module',
  'module' => 
  array (
    0 => 'studySystem',
    1 => 'Index',
    2 => 'userHome',
  ),
  'convert' => false,
)
[ info ] [ HEADER ] array (
  'cookie' => 'pgv_pvi=8334624768; Phpstorm-d94e29df=3e57be35-439d-4c88-96f0-17e535265bc9',
  'accept-language' => 'zh-CN,zh;q=0.9',
  'accept-encoding' => 'gzip, deflate, br',
  'accept' => 'text/html,application/xhtml+xml,application/xml;q=0.9,image/webp,image/apng,*/*;q=0.8',
  'user-agent' => 'Mozilla/5.0 (Windows NT 10.0; WOW64) AppleWebKit/537.36 (KHTML, like Gecko) Chrome/64.0.3282.167 Safari/537.36',
  'upgrade-insecure-requests' => '1',
  'cache-control' => 'max-age=0',
  'connection' => 'keep-alive',
  'host' => 'localhost',
  'content-length' => '',
  'content-type' => '',
)
[ info ] [ PARAM ] array (
)
[ info ] [ RUN ] app\studySystem\controller\Index->userHome[ E:\phpStudy\PHPTutorial\WWW\tp5.0\application\studySystem\controller\Index.php ]
[ info ] [ LOG ] INIT File
---------------------------------------------------------------
[ 2018-02-26T18:08:20+08:00 ] 127.0.0.1 GET /studySystem/login
[ info ] localhost/studySystem/login [运行时间：0.026320s][吞吐率：37.99req/s] [内存消耗：1,305.02kb] [文件加载：43]
[ info ] [ LANG ] E:\phpStudy\PHPTutorial\WWW\tp5.0\thinkphp\lang\zh-cn.php
[ info ] [ ROUTE ] array (
  'type' => 'module',
  'module' => 
  array (
    0 => 'studySystem',
    1 => 'Index',
    2 => 'login',
  ),
  'convert' => false,
)
[ info ] [ HEADER ] array (
  'cookie' => 'pgv_pvi=8334624768; Phpstorm-d94e29df=3e57be35-439d-4c88-96f0-17e535265bc9; PHPSESSID=d34rjm45dr1sj3qm4javiu9on3',
  'accept-language' => 'zh-CN,zh;q=0.9',
  'accept-encoding' => 'gzip, deflate, br',
  'accept' => 'text/html,application/xhtml+xml,application/xml;q=0.9,image/webp,image/apng,*/*;q=0.8',
  'user-agent' => 'Mozilla/5.0 (Windows NT 10.0; WOW64) AppleWebKit/537.36 (KHTML, like Gecko) Chrome/64.0.3282.167 Safari/537.36',
  'upgrade-insecure-requests' => '1',
  'cache-control' => 'max-age=0',
  'connection' => 'keep-alive',
  'host' => 'localhost',
  'content-length' => '',
  'content-type' => '',
)
[ info ] [ PARAM ] array (
)
[ info ] [ RUN ] app\studySystem\controller\Index->login[ E:\phpStudy\PHPTutorial\WWW\tp5.0\application\studySystem\controller\Index.php ]
[ info ] [ VIEW ] E:\phpStudy\PHPTutorial\WWW\tp5.0\public/../application/studysystem\view\index\login.php [ array (
) ]
[ info ] [ LOG ] INIT File
---------------------------------------------------------------
[ 2018-02-26T18:08:26+08:00 ] 127.0.0.1 POST /studySystem/checklogin
[ info ] localhost/studySystem/checklogin [运行时间：0.019749s][吞吐率：50.64req/s] [内存消耗：1,534.77kb] [文件加载：44]
[ info ] [ LANG ] E:\phpStudy\PHPTutorial\WWW\tp5.0\thinkphp\lang\zh-cn.php
[ info ] [ ROUTE ] array (
  'type' => 'module',
  'module' => 
  array (
    0 => 'studySystem',
    1 => 'Index',
    2 => 'checklogin',
  ),
  'convert' => false,
)
[ info ] [ HEADER ] array (
  'cookie' => 'pgv_pvi=8334624768; Phpstorm-d94e29df=3e57be35-439d-4c88-96f0-17e535265bc9; PHPSESSID=d34rjm45dr1sj3qm4javiu9on3',
  'accept-language' => 'zh-CN,zh;q=0.9',
  'accept-encoding' => 'gzip, deflate, br',
  'referer' => 'http://localhost/studySystem/login',
  'accept' => 'text/html,application/xhtml+xml,application/xml;q=0.9,image/webp,image/apng,*/*;q=0.8',
  'user-agent' => 'Mozilla/5.0 (Windows NT 10.0; WOW64) AppleWebKit/537.36 (KHTML, like Gecko) Chrome/64.0.3282.167 Safari/537.36',
  'content-type' => 'application/x-www-form-urlencoded',
  'upgrade-insecure-requests' => '1',
  'origin' => 'http://localhost',
  'cache-control' => 'max-age=0',
  'content-length' => '66',
  'connection' => 'keep-alive',
  'host' => 'localhost',
)
[ info ] [ PARAM ] array (
  'uname' => 'w',
  'passwd' => 'w',
  'password' => 'f1290186a5d0b1ceab27f4e77c0c5d68',
  'utype' => '1',
)
[ info ] [ RUN ] app\studySystem\controller\Index->checklogin[ E:\phpStudy\PHPTutorial\WWW\tp5.0\application\studySystem\controller\Index.php ]
[ info ] [ DB ] INIT mysql
[ info ] [ LOG ] INIT File
[ sql ] [ DB ] CONNECT:[ UseTime:0.001795s ] mysql:host=127.0.0.1;dbname=test;charset=utf8
[ sql ] [ SQL ] select * from user where username="w" and usertype=1 [ RunTime:0.001082s ]
[ sql ] [ SQL ] select * from user where username="w" and password="f1290186a5d0b1ceab27f4e77c0c5d68" and usertype=1 [ RunTime:0.000787s ]
---------------------------------------------------------------
[ 2018-02-26T18:08:26+08:00 ] 127.0.0.1 GET /studySystem/userHome
[ info ] localhost/studySystem/userHome [运行时间：0.014017s][吞吐率：71.34req/s] [内存消耗：1,306.96kb] [文件加载：43]
[ info ] [ LANG ] E:\phpStudy\PHPTutorial\WWW\tp5.0\thinkphp\lang\zh-cn.php
[ info ] [ ROUTE ] array (
  'type' => 'module',
  'module' => 
  array (
    0 => 'studySystem',
    1 => 'Index',
    2 => 'userHome',
  ),
  'convert' => false,
)
[ info ] [ HEADER ] array (
  'cookie' => 'pgv_pvi=8334624768; Phpstorm-d94e29df=3e57be35-439d-4c88-96f0-17e535265bc9; PHPSESSID=d34rjm45dr1sj3qm4javiu9on3',
  'accept-language' => 'zh-CN,zh;q=0.9',
  'accept-encoding' => 'gzip, deflate, br',
  'referer' => 'http://localhost/studySystem/login',
  'accept' => 'text/html,application/xhtml+xml,application/xml;q=0.9,image/webp,image/apng,*/*;q=0.8',
  'user-agent' => 'Mozilla/5.0 (Windows NT 10.0; WOW64) AppleWebKit/537.36 (KHTML, like Gecko) Chrome/64.0.3282.167 Safari/537.36',
  'upgrade-insecure-requests' => '1',
  'cache-control' => 'max-age=0',
  'connection' => 'keep-alive',
  'host' => 'localhost',
  'content-length' => '',
  'content-type' => '',
)
[ info ] [ PARAM ] array (
)
[ info ] [ RUN ] app\studySystem\controller\Index->userHome[ E:\phpStudy\PHPTutorial\WWW\tp5.0\application\studySystem\controller\Index.php ]
[ info ] [ VIEW ] E:\phpStudy\PHPTutorial\WWW\tp5.0\public/../application/studysystem\view\index\userHome.php [ array (
) ]
[ info ] [ LOG ] INIT File
---------------------------------------------------------------
[ 2018-02-26T18:08:26+08:00 ] 127.0.0.1 GET /studySystem/userHome/head
[ info ] localhost/studySystem/userHome/head [运行时间：0.016118s][吞吐率：62.04req/s] [内存消耗：1,570.32kb] [文件加载：45]
[ info ] [ LANG ] E:\phpStudy\PHPTutorial\WWW\tp5.0\thinkphp\lang\zh-cn.php
[ info ] [ ROUTE ] array (
  'type' => 'module',
  'module' => 
  array (
    0 => 'studySystem',
    1 => 'Index',
    2 => 'userHomeHead',
  ),
  'convert' => false,
)
[ info ] [ HEADER ] array (
  'cookie' => 'pgv_pvi=8334624768; Phpstorm-d94e29df=3e57be35-439d-4c88-96f0-17e535265bc9; PHPSESSID=d34rjm45dr1sj3qm4javiu9on3',
  'accept-language' => 'zh-CN,zh;q=0.9',
  'accept-encoding' => 'gzip, deflate, br',
  'referer' => 'http://localhost/studySystem/userHome',
  'accept' => 'text/html,application/xhtml+xml,application/xml;q=0.9,image/webp,image/apng,*/*;q=0.8',
  'user-agent' => 'Mozilla/5.0 (Windows NT 10.0; WOW64) AppleWebKit/537.36 (KHTML, like Gecko) Chrome/64.0.3282.167 Safari/537.36',
  'upgrade-insecure-requests' => '1',
  'connection' => 'keep-alive',
  'host' => 'localhost',
  'content-length' => '',
  'content-type' => '',
)
[ info ] [ PARAM ] array (
)
[ info ] [ RUN ] app\studySystem\controller\Index->userHomeHead[ E:\phpStudy\PHPTutorial\WWW\tp5.0\application\studySystem\controller\Index.php ]
[ info ] [ VIEW ] E:\phpStudy\PHPTutorial\WWW\tp5.0\public/../application/studysystem\view\index\userHomeHead.php [ array (
) ]
[ info ] [ LOG ] INIT File
---------------------------------------------------------------
[ 2018-02-26T18:08:26+08:00 ] 127.0.0.1 GET /static/studySystem/css/(print.css)print
[ info ] localhost/static/studySystem/css/(print.css)print [运行时间：0.014291s][吞吐率：69.97req/s] [内存消耗：1,107.66kb] [文件加载：38]
[ info ] [ LANG ] E:\phpStudy\PHPTutorial\WWW\tp5.0\thinkphp\lang\zh-cn.php
[ info ] [ ROUTE ] array (
  'type' => 'module',
  'module' => 
  array (
    0 => 'static',
    1 => 'studySystem',
    2 => 'css',
  ),
)
[ info ] [ HEADER ] array (
  'cookie' => 'pgv_pvi=8334624768; Phpstorm-d94e29df=3e57be35-439d-4c88-96f0-17e535265bc9; PHPSESSID=d34rjm45dr1sj3qm4javiu9on3',
  'accept-language' => 'zh-CN,zh;q=0.9',
  'accept-encoding' => 'gzip, deflate, br',
  'referer' => 'http://localhost/static/studySystem/main.html',
  'accept' => 'text/css,*/*;q=0.1',
  'user-agent' => 'Mozilla/5.0 (Windows NT 10.0; WOW64) AppleWebKit/537.36 (KHTML, like Gecko) Chrome/64.0.3282.167 Safari/537.36',
  'connection' => 'keep-alive',
  'host' => 'localhost',
  'content-length' => '',
  'content-type' => '',
)
[ info ] [ PARAM ] array (
)
[ info ] [ LOG ] INIT File
---------------------------------------------------------------
[ 2018-02-26T18:08:26+08:00 ] 127.0.0.1 GET /static/studySystem/images/common/right.gif
[ info ] localhost/static/studySystem/images/common/right.gif [运行时间：0.013680s][吞吐率：73.10req/s] [内存消耗：1,108.14kb] [文件加载：38]
[ info ] [ LANG ] E:\phpStudy\PHPTutorial\WWW\tp5.0\thinkphp\lang\zh-cn.php
[ info ] [ ROUTE ] array (
  'type' => 'module',
  'module' => 
  array (
    0 => 'static',
    1 => 'studySystem',
    2 => 'images',
  ),
)
[ info ] [ HEADER ] array (
  'cookie' => 'pgv_pvi=8334624768; Phpstorm-d94e29df=3e57be35-439d-4c88-96f0-17e535265bc9; PHPSESSID=d34rjm45dr1sj3qm4javiu9on3',
  'accept-language' => 'zh-CN,zh;q=0.9',
  'accept-encoding' => 'gzip, deflate, br',
  'referer' => 'http://localhost/static/studySystem/css/base.css',
  'accept' => 'image/webp,image/apng,image/*,*/*;q=0.8',
  'user-agent' => 'Mozilla/5.0 (Windows NT 10.0; WOW64) AppleWebKit/537.36 (KHTML, like Gecko) Chrome/64.0.3282.167 Safari/537.36',
  'connection' => 'keep-alive',
  'host' => 'localhost',
  'content-length' => '',
  'content-type' => '',
)
[ info ] [ PARAM ] array (
  'common' => 'right.gif',
)
[ info ] [ LOG ] INIT File
---------------------------------------------------------------
[ 2018-02-26T18:08:36+08:00 ] 127.0.0.1 GET /csrf
[ info ] localhost/csrf [运行时间：0.027224s][吞吐率：36.73req/s] [内存消耗：1,415.69kb] [文件加载：47]
[ info ] [ LANG ] E:\phpStudy\PHPTutorial\WWW\tp5.0\thinkphp\lang\zh-cn.php
[ info ] [ ROUTE ] array (
  'type' => 'module',
  'module' => 
  array (
    0 => 'test',
    1 => 'Mysqldb',
    2 => 'csrf',
  ),
  'convert' => false,
)
[ info ] [ HEADER ] array (
  'cookie' => 'pgv_pvi=8334624768; Phpstorm-d94e29df=3e57be35-439d-4c88-96f0-17e535265bc9; PHPSESSID=d34rjm45dr1sj3qm4javiu9on3',
  'accept-language' => 'zh-CN,zh;q=0.9',
  'accept-encoding' => 'gzip, deflate, br',
  'accept' => 'text/html,application/xhtml+xml,application/xml;q=0.9,image/webp,image/apng,*/*;q=0.8',
  'user-agent' => 'Mozilla/5.0 (Windows NT 10.0; WOW64) AppleWebKit/537.36 (KHTML, like Gecko) Chrome/64.0.3282.167 Safari/537.36',
  'upgrade-insecure-requests' => '1',
  'connection' => 'keep-alive',
  'host' => 'localhost',
  'content-length' => '',
  'content-type' => '',
)
[ info ] [ PARAM ] array (
)
[ info ] [ RUN ] app\test\controller\Mysqldb->csrf[ E:\phpStudy\PHPTutorial\WWW\tp5.0\application\test\controller\Mysqldb.php ]
[ info ] [ VIEW ] E:\phpStudy\PHPTutorial\WWW\tp5.0\public/../application/test\view\mysqldb\csrf.php [ array (
) ]
[ info ] [ LOG ] INIT File
---------------------------------------------------------------
[ 2018-02-26T18:08:57+08:00 ] 127.0.0.1 GET /csrf
[ info ] localhost/csrf [运行时间：0.023292s][吞吐率：42.93req/s] [内存消耗：1,415.98kb] [文件加载：47]
[ info ] [ LANG ] E:\phpStudy\PHPTutorial\WWW\tp5.0\thinkphp\lang\zh-cn.php
[ info ] [ ROUTE ] array (
  'type' => 'module',
  'module' => 
  array (
    0 => 'test',
    1 => 'Mysqldb',
    2 => 'csrf',
  ),
  'convert' => false,
)
[ info ] [ HEADER ] array (
  'cookie' => 'pgv_pvi=8334624768; Phpstorm-d94e29df=3e57be35-439d-4c88-96f0-17e535265bc9; PHPSESSID=d34rjm45dr1sj3qm4javiu9on3',
  'accept-language' => 'zh-CN,zh;q=0.9',
  'accept-encoding' => 'gzip, deflate, br',
  'accept' => 'text/html,application/xhtml+xml,application/xml;q=0.9,image/webp,image/apng,*/*;q=0.8',
  'user-agent' => 'Mozilla/5.0 (Windows NT 10.0; WOW64) AppleWebKit/537.36 (KHTML, like Gecko) Chrome/64.0.3282.167 Safari/537.36',
  'upgrade-insecure-requests' => '1',
  'cache-control' => 'max-age=0',
  'connection' => 'keep-alive',
  'host' => 'localhost',
  'content-length' => '',
  'content-type' => '',
)
[ info ] [ PARAM ] array (
)
[ info ] [ RUN ] app\test\controller\Mysqldb->csrf[ E:\phpStudy\PHPTutorial\WWW\tp5.0\application\test\controller\Mysqldb.php ]
[ info ] [ VIEW ] E:\phpStudy\PHPTutorial\WWW\tp5.0\public/../application/test\view\mysqldb\csrf.php [ array (
) ]
[ info ] [ LOG ] INIT File
---------------------------------------------------------------
[ 2018-02-26T18:08:58+08:00 ] 127.0.0.1 GET /studySystem/userHome
[ info ] localhost/studySystem/userHome [运行时间：0.014567s][吞吐率：68.65req/s] [内存消耗：1,306.73kb] [文件加载：43]
[ info ] [ LANG ] E:\phpStudy\PHPTutorial\WWW\tp5.0\thinkphp\lang\zh-cn.php
[ info ] [ ROUTE ] array (
  'type' => 'module',
  'module' => 
  array (
    0 => 'studySystem',
    1 => 'Index',
    2 => 'userHome',
  ),
  'convert' => false,
)
[ info ] [ HEADER ] array (
  'cookie' => 'pgv_pvi=8334624768; Phpstorm-d94e29df=3e57be35-439d-4c88-96f0-17e535265bc9; PHPSESSID=d34rjm45dr1sj3qm4javiu9on3',
  'accept-language' => 'zh-CN,zh;q=0.9',
  'accept-encoding' => 'gzip, deflate, br',
  'referer' => 'http://localhost/csrf',
  'accept' => 'text/html,application/xhtml+xml,application/xml;q=0.9,image/webp,image/apng,*/*;q=0.8',
  'user-agent' => 'Mozilla/5.0 (Windows NT 10.0; WOW64) AppleWebKit/537.36 (KHTML, like Gecko) Chrome/64.0.3282.167 Safari/537.36',
  'upgrade-insecure-requests' => '1',
  'connection' => 'keep-alive',
  'host' => 'localhost',
  'content-length' => '',
  'content-type' => '',
)
[ info ] [ PARAM ] array (
)
[ info ] [ RUN ] app\studySystem\controller\Index->userHome[ E:\phpStudy\PHPTutorial\WWW\tp5.0\application\studySystem\controller\Index.php ]
[ info ] [ VIEW ] E:\phpStudy\PHPTutorial\WWW\tp5.0\public/../application/studysystem\view\index\userHome.php [ array (
) ]
[ info ] [ LOG ] INIT File
---------------------------------------------------------------
[ 2018-02-26T18:08:58+08:00 ] 127.0.0.1 GET /studySystem/userHome/head
[ info ] localhost/studySystem/userHome/head [运行时间：0.018379s][吞吐率：54.41req/s] [内存消耗：1,570.32kb] [文件加载：45]
[ info ] [ LANG ] E:\phpStudy\PHPTutorial\WWW\tp5.0\thinkphp\lang\zh-cn.php
[ info ] [ ROUTE ] array (
  'type' => 'module',
  'module' => 
  array (
    0 => 'studySystem',
    1 => 'Index',
    2 => 'userHomeHead',
  ),
  'convert' => false,
)
[ info ] [ HEADER ] array (
  'cookie' => 'pgv_pvi=8334624768; Phpstorm-d94e29df=3e57be35-439d-4c88-96f0-17e535265bc9; PHPSESSID=d34rjm45dr1sj3qm4javiu9on3',
  'accept-language' => 'zh-CN,zh;q=0.9',
  'accept-encoding' => 'gzip, deflate, br',
  'referer' => 'http://localhost/studySystem/userHome',
  'accept' => 'text/html,application/xhtml+xml,application/xml;q=0.9,image/webp,image/apng,*/*;q=0.8',
  'user-agent' => 'Mozilla/5.0 (Windows NT 10.0; WOW64) AppleWebKit/537.36 (KHTML, like Gecko) Chrome/64.0.3282.167 Safari/537.36',
  'upgrade-insecure-requests' => '1',
  'connection' => 'keep-alive',
  'host' => 'localhost',
  'content-length' => '',
  'content-type' => '',
)
[ info ] [ PARAM ] array (
)
[ info ] [ RUN ] app\studySystem\controller\Index->userHomeHead[ E:\phpStudy\PHPTutorial\WWW\tp5.0\application\studySystem\controller\Index.php ]
[ info ] [ VIEW ] E:\phpStudy\PHPTutorial\WWW\tp5.0\public/../application/studysystem\view\index\userHomeHead.php [ array (
) ]
[ info ] [ LOG ] INIT File
---------------------------------------------------------------
[ 2018-02-26T18:13:37+08:00 ] 127.0.0.1 GET /login
[ info ] localhost/login [运行时间：0.045498s][吞吐率：21.98req/s] [内存消耗：1,304.14kb] [文件加载：45]
[ info ] [ LANG ] E:\phpStudy\PHPTutorial\WWW\tp5.0\thinkphp\lang\zh-cn.php
[ info ] [ ROUTE ] array (
  'type' => 'module',
  'module' => 
  array (
    0 => 'test',
    1 => 'Mysqldb',
    2 => 'login',
  ),
  'convert' => false,
)
[ info ] [ HEADER ] array (
  'cookie' => 'pgv_pvi=8334624768; Phpstorm-d94e29df=3e57be35-439d-4c88-96f0-17e535265bc9; PHPSESSID=d34rjm45dr1sj3qm4javiu9on3',
  'accept-language' => 'zh-CN,zh;q=0.9',
  'accept-encoding' => 'gzip, deflate, br',
  'accept' => 'text/html,application/xhtml+xml,application/xml;q=0.9,image/webp,image/apng,*/*;q=0.8',
  'user-agent' => 'Mozilla/5.0 (Windows NT 10.0; WOW64) AppleWebKit/537.36 (KHTML, like Gecko) Chrome/64.0.3282.167 Safari/537.36',
  'upgrade-insecure-requests' => '1',
  'connection' => 'keep-alive',
  'host' => 'localhost',
  'content-length' => '',
  'content-type' => '',
)
[ info ] [ PARAM ] array (
)
[ info ] [ RUN ] app\test\controller\Mysqldb->login[ E:\phpStudy\PHPTutorial\WWW\tp5.0\application\test\controller\Mysqldb.php ]
[ info ] [ VIEW ] E:\phpStudy\PHPTutorial\WWW\tp5.0\public/../application/test\view\mysqldb\login.php [ array (
) ]
[ info ] [ LOG ] INIT File
---------------------------------------------------------------
[ 2018-02-26T18:13:44+08:00 ] 127.0.0.1 POST /verfiy
[ info ] localhost/verfiy [运行时间：0.068734s][吞吐率：14.55req/s] [内存消耗：2,229.01kb] [文件加载：56]
[ info ] [ LANG ] E:\phpStudy\PHPTutorial\WWW\tp5.0\thinkphp\lang\zh-cn.php
[ info ] [ ROUTE ] array (
  'type' => 'module',
  'module' => 
  array (
    0 => 'test',
    1 => 'Mysqldb',
    2 => 'verfiy',
  ),
  'convert' => false,
)
[ info ] [ HEADER ] array (
  'cookie' => 'pgv_pvi=8334624768; Phpstorm-d94e29df=3e57be35-439d-4c88-96f0-17e535265bc9; PHPSESSID=d34rjm45dr1sj3qm4javiu9on3',
  'accept-language' => 'zh-CN,zh;q=0.9',
  'accept-encoding' => 'gzip, deflate, br',
  'referer' => 'http://localhost/login',
  'accept' => 'text/html,application/xhtml+xml,application/xml;q=0.9,image/webp,image/apng,*/*;q=0.8',
  'user-agent' => 'Mozilla/5.0 (Windows NT 10.0; WOW64) AppleWebKit/537.36 (KHTML, like Gecko) Chrome/64.0.3282.167 Safari/537.36',
  'content-type' => 'application/x-www-form-urlencoded',
  'upgrade-insecure-requests' => '1',
  'origin' => 'http://localhost',
  'cache-control' => 'max-age=0',
  'content-length' => '59',
  'connection' => 'keep-alive',
  'host' => 'localhost',
)
[ info ] [ PARAM ] array (
  'username' => 'a',
  'pswd' => 'a',
  'password' => '0cc175b9c0f1b6a831c399e269772661',
)
[ info ] [ RUN ] app\test\controller\Mysqldb->verfiy[ E:\phpStudy\PHPTutorial\WWW\tp5.0\application\test\controller\Mysqldb.php ]
[ info ] [ DB ] INIT mysql
[ info ] [ VIEW ] E:\phpStudy\PHPTutorial\WWW\tp5.0\thinkphp\tpl\dispatch_jump.tpl [ array (
  0 => 'code',
  1 => 'msg',
  2 => 'data',
  3 => 'url',
  4 => 'wait',
) ]
[ info ] [ LOG ] INIT File
[ sql ] [ DB ] CONNECT:[ UseTime:0.001674s ] mysql:host=127.0.0.1;dbname=test;charset=utf8
[ sql ] [ SQL ] SHOW COLUMNS FROM `testuser` [ RunTime:0.035143s ]
[ sql ] [ SQL ] SELECT * FROM `testuser` WHERE  `name` = 'a' LIMIT 1 [ RunTime:0.000927s ]
---------------------------------------------------------------
[ 2018-02-26T18:13:47+08:00 ] 127.0.0.1 GET /register.html
[ info ] localhost/register.html [运行时间：0.048812s][吞吐率：20.49req/s] [内存消耗：1,423.18kb] [文件加载：47]
[ info ] [ LANG ] E:\phpStudy\PHPTutorial\WWW\tp5.0\thinkphp\lang\zh-cn.php
[ info ] [ ROUTE ] array (
  'type' => 'module',
  'module' => 
  array (
    0 => 'test',
    1 => 'Mysqldb',
    2 => 'register',
  ),
  'convert' => false,
)
[ info ] [ HEADER ] array (
  'cookie' => 'pgv_pvi=8334624768; Phpstorm-d94e29df=3e57be35-439d-4c88-96f0-17e535265bc9; PHPSESSID=d34rjm45dr1sj3qm4javiu9on3',
  'accept-language' => 'zh-CN,zh;q=0.9',
  'accept-encoding' => 'gzip, deflate, br',
  'referer' => 'http://localhost/verfiy',
  'accept' => 'text/html,application/xhtml+xml,application/xml;q=0.9,image/webp,image/apng,*/*;q=0.8',
  'user-agent' => 'Mozilla/5.0 (Windows NT 10.0; WOW64) AppleWebKit/537.36 (KHTML, like Gecko) Chrome/64.0.3282.167 Safari/537.36',
  'upgrade-insecure-requests' => '1',
  'connection' => 'keep-alive',
  'host' => 'localhost',
  'content-length' => '',
  'content-type' => '',
)
[ info ] [ PARAM ] array (
)
[ info ] [ RUN ] app\test\controller\Mysqldb->register[ E:\phpStudy\PHPTutorial\WWW\tp5.0\application\test\controller\Mysqldb.php ]
[ info ] [ VIEW ] E:\phpStudy\PHPTutorial\WWW\tp5.0\public/../application/test\view\mysqldb\register.php [ array (
) ]
[ info ] [ LOG ] INIT File
---------------------------------------------------------------
[ 2018-02-26T18:13:50+08:00 ] 127.0.0.1 POST /useradd
[ info ] localhost/useradd [运行时间：0.110393s][吞吐率：9.06req/s] [内存消耗：2,215.52kb] [文件加载：55]
[ info ] [ LANG ] E:\phpStudy\PHPTutorial\WWW\tp5.0\thinkphp\lang\zh-cn.php
[ info ] [ ROUTE ] array (
  'type' => 'module',
  'module' => 
  array (
    0 => 'test',
    1 => 'Mysqldb',
    2 => 'addUser',
  ),
  'convert' => false,
)
[ info ] [ HEADER ] array (
  'cookie' => 'pgv_pvi=8334624768; Phpstorm-d94e29df=3e57be35-439d-4c88-96f0-17e535265bc9; PHPSESSID=d34rjm45dr1sj3qm4javiu9on3',
  'accept-language' => 'zh-CN,zh;q=0.9',
  'accept-encoding' => 'gzip, deflate, br',
  'referer' => 'http://localhost/register.html',
  'accept' => 'text/html,application/xhtml+xml,application/xml;q=0.9,image/webp,image/apng,*/*;q=0.8',
  'user-agent' => 'Mozilla/5.0 (Windows NT 10.0; WOW64) AppleWebKit/537.36 (KHTML, like Gecko) Chrome/64.0.3282.167 Safari/537.36',
  'content-type' => 'application/x-www-form-urlencoded',
  'upgrade-insecure-requests' => '1',
  'origin' => 'http://localhost',
  'cache-control' => 'max-age=0',
  'content-length' => '59',
  'connection' => 'keep-alive',
  'host' => 'localhost',
)
[ info ] [ PARAM ] array (
  'username' => 'a',
  'pswd' => 'a',
  'password' => '0cc175b9c0f1b6a831c399e269772661',
)
[ info ] [ RUN ] app\test\controller\Mysqldb->addUser[ E:\phpStudy\PHPTutorial\WWW\tp5.0\application\test\controller\Mysqldb.php ]
[ info ] [ DB ] INIT mysql
[ info ] [ VIEW ] E:\phpStudy\PHPTutorial\WWW\tp5.0\thinkphp\tpl\dispatch_jump.tpl [ array (
  0 => 'code',
  1 => 'msg',
  2 => 'data',
  3 => 'url',
  4 => 'wait',
) ]
[ info ] [ LOG ] INIT File
[ sql ] [ DB ] CONNECT:[ UseTime:0.000991s ] mysql:host=127.0.0.1;dbname=test;charset=utf8
[ sql ] [ SQL ] SHOW COLUMNS FROM `testuser` [ RunTime:0.041009s ]
[ sql ] [ SQL ] SELECT * FROM `testuser` WHERE  `name` = 'a' LIMIT 1 [ RunTime:0.000657s ]
[ sql ] [ SQL ] INSERT INTO `testuser` (`name` , `password`) VALUES ('a' , '0cc175b9c0f1b6a831c399e269772661') [ RunTime:0.040339s ]
---------------------------------------------------------------
[ 2018-02-26T18:13:53+08:00 ] 127.0.0.1 GET /login.html
[ info ] localhost/login.html [运行时间：0.035094s][吞吐率：28.49req/s] [内存消耗：1,304.53kb] [文件加载：45]
[ info ] [ LANG ] E:\phpStudy\PHPTutorial\WWW\tp5.0\thinkphp\lang\zh-cn.php
[ info ] [ ROUTE ] array (
  'type' => 'module',
  'module' => 
  array (
    0 => 'test',
    1 => 'Mysqldb',
    2 => 'login',
  ),
  'convert' => false,
)
[ info ] [ HEADER ] array (
  'cookie' => 'pgv_pvi=8334624768; Phpstorm-d94e29df=3e57be35-439d-4c88-96f0-17e535265bc9; PHPSESSID=d34rjm45dr1sj3qm4javiu9on3',
  'accept-language' => 'zh-CN,zh;q=0.9',
  'accept-encoding' => 'gzip, deflate, br',
  'referer' => 'http://localhost/useradd',
  'accept' => 'text/html,application/xhtml+xml,application/xml;q=0.9,image/webp,image/apng,*/*;q=0.8',
  'user-agent' => 'Mozilla/5.0 (Windows NT 10.0; WOW64) AppleWebKit/537.36 (KHTML, like Gecko) Chrome/64.0.3282.167 Safari/537.36',
  'upgrade-insecure-requests' => '1',
  'connection' => 'keep-alive',
  'host' => 'localhost',
  'content-length' => '',
  'content-type' => '',
)
[ info ] [ PARAM ] array (
)
[ info ] [ RUN ] app\test\controller\Mysqldb->login[ E:\phpStudy\PHPTutorial\WWW\tp5.0\application\test\controller\Mysqldb.php ]
[ info ] [ VIEW ] E:\phpStudy\PHPTutorial\WWW\tp5.0\public/../application/test\view\mysqldb\login.php [ array (
) ]
[ info ] [ LOG ] INIT File
---------------------------------------------------------------
[ 2018-02-26T18:14:08+08:00 ] 127.0.0.1 POST /verfiy
[ info ] localhost/verfiy [运行时间：0.058278s][吞吐率：17.16req/s] [内存消耗：2,230.52kb] [文件加载：56]
[ info ] [ LANG ] E:\phpStudy\PHPTutorial\WWW\tp5.0\thinkphp\lang\zh-cn.php
[ info ] [ ROUTE ] array (
  'type' => 'module',
  'module' => 
  array (
    0 => 'test',
    1 => 'Mysqldb',
    2 => 'verfiy',
  ),
  'convert' => false,
)
[ info ] [ HEADER ] array (
  'cookie' => 'pgv_pvi=8334624768; Phpstorm-d94e29df=3e57be35-439d-4c88-96f0-17e535265bc9; PHPSESSID=d34rjm45dr1sj3qm4javiu9on3',
  'accept-language' => 'zh-CN,zh;q=0.9',
  'accept-encoding' => 'gzip, deflate, br',
  'referer' => 'http://localhost/login.html',
  'accept' => 'text/html,application/xhtml+xml,application/xml;q=0.9,image/webp,image/apng,*/*;q=0.8',
  'user-agent' => 'Mozilla/5.0 (Windows NT 10.0; WOW64) AppleWebKit/537.36 (KHTML, like Gecko) Chrome/64.0.3282.167 Safari/537.36',
  'content-type' => 'application/x-www-form-urlencoded',
  'upgrade-insecure-requests' => '1',
  'origin' => 'http://localhost',
  'cache-control' => 'max-age=0',
  'content-length' => '59',
  'connection' => 'keep-alive',
  'host' => 'localhost',
)
[ info ] [ PARAM ] array (
  'username' => 'a',
  'pswd' => 'a',
  'password' => '0cc175b9c0f1b6a831c399e269772661',
)
[ info ] [ RUN ] app\test\controller\Mysqldb->verfiy[ E:\phpStudy\PHPTutorial\WWW\tp5.0\application\test\controller\Mysqldb.php ]
[ info ] [ DB ] INIT mysql
[ info ] [ VIEW ] E:\phpStudy\PHPTutorial\WWW\tp5.0\thinkphp\tpl\dispatch_jump.tpl [ array (
  0 => 'code',
  1 => 'msg',
  2 => 'data',
  3 => 'url',
  4 => 'wait',
) ]
[ info ] [ LOG ] INIT File
[ sql ] [ DB ] CONNECT:[ UseTime:0.001005s ] mysql:host=127.0.0.1;dbname=test;charset=utf8
[ sql ] [ SQL ] SHOW COLUMNS FROM `testuser` [ RunTime:0.033719s ]
[ sql ] [ SQL ] SELECT * FROM `testuser` WHERE  `name` = 'a' LIMIT 1 [ RunTime:0.000608s ]
[ sql ] [ SQL ] SELECT * FROM `testuser` WHERE  `name` = 'a'  AND `password` = '0cc175b9c0f1b6a831c399e269772661' LIMIT 1 [ RunTime:0.000429s ]
---------------------------------------------------------------
[ 2018-02-26T18:14:11+08:00 ] 127.0.0.1 GET /myindex.html
[ info ] localhost/myindex.html [运行时间：0.056178s][吞吐率：17.80req/s] [内存消耗：1,416.23kb] [文件加载：47]
[ info ] [ LANG ] E:\phpStudy\PHPTutorial\WWW\tp5.0\thinkphp\lang\zh-cn.php
[ info ] [ ROUTE ] array (
  'type' => 'module',
  'module' => 
  array (
    0 => 'test',
    1 => 'Mysqldb',
    2 => 'myIndex',
  ),
  'convert' => false,
)
[ info ] [ HEADER ] array (
  'cookie' => 'pgv_pvi=8334624768; Phpstorm-d94e29df=3e57be35-439d-4c88-96f0-17e535265bc9; PHPSESSID=d34rjm45dr1sj3qm4javiu9on3',
  'accept-language' => 'zh-CN,zh;q=0.9',
  'accept-encoding' => 'gzip, deflate, br',
  'referer' => 'http://localhost/verfiy',
  'accept' => 'text/html,application/xhtml+xml,application/xml;q=0.9,image/webp,image/apng,*/*;q=0.8',
  'user-agent' => 'Mozilla/5.0 (Windows NT 10.0; WOW64) AppleWebKit/537.36 (KHTML, like Gecko) Chrome/64.0.3282.167 Safari/537.36',
  'upgrade-insecure-requests' => '1',
  'connection' => 'keep-alive',
  'host' => 'localhost',
  'content-length' => '',
  'content-type' => '',
)
[ info ] [ PARAM ] array (
)
[ info ] [ RUN ] app\test\controller\Mysqldb->myIndex[ E:\phpStudy\PHPTutorial\WWW\tp5.0\application\test\controller\Mysqldb.php ]
[ info ] [ VIEW ] E:\phpStudy\PHPTutorial\WWW\tp5.0\public/../application/test\view\mysqldb\index.php [ array (
) ]
[ info ] [ LOG ] INIT File
---------------------------------------------------------------
[ 2018-02-26T18:14:36+08:00 ] 127.0.0.1 GET /csrf
[ info ] localhost/csrf [运行时间：0.014687s][吞吐率：68.09req/s] [内存消耗：1,304.05kb] [文件加载：45]
[ info ] [ LANG ] E:\phpStudy\PHPTutorial\WWW\tp5.0\thinkphp\lang\zh-cn.php
[ info ] [ ROUTE ] array (
  'type' => 'module',
  'module' => 
  array (
    0 => 'test',
    1 => 'Mysqldb',
    2 => 'csrf',
  ),
  'convert' => false,
)
[ info ] [ HEADER ] array (
  'cookie' => 'pgv_pvi=8334624768; Phpstorm-d94e29df=3e57be35-439d-4c88-96f0-17e535265bc9; PHPSESSID=d34rjm45dr1sj3qm4javiu9on3',
  'accept-language' => 'zh-CN,zh;q=0.9',
  'accept-encoding' => 'gzip, deflate, br',
  'accept' => 'text/html,application/xhtml+xml,application/xml;q=0.9,image/webp,image/apng,*/*;q=0.8',
  'user-agent' => 'Mozilla/5.0 (Windows NT 10.0; WOW64) AppleWebKit/537.36 (KHTML, like Gecko) Chrome/64.0.3282.167 Safari/537.36',
  'upgrade-insecure-requests' => '1',
  'connection' => 'keep-alive',
  'host' => 'localhost',
  'content-length' => '',
  'content-type' => '',
)
[ info ] [ PARAM ] array (
)
[ info ] [ RUN ] app\test\controller\Mysqldb->csrf[ E:\phpStudy\PHPTutorial\WWW\tp5.0\application\test\controller\Mysqldb.php ]
[ info ] [ VIEW ] E:\phpStudy\PHPTutorial\WWW\tp5.0\public/../application/test\view\mysqldb\csrf.php [ array (
) ]
[ info ] [ LOG ] INIT File
---------------------------------------------------------------
[ 2018-02-26T18:14:38+08:00 ] 127.0.0.1 GET /studySystem/userHome
[ info ] localhost/studySystem/userHome [运行时间：0.014456s][吞吐率：69.18req/s] [内存消耗：1,306.73kb] [文件加载：43]
[ info ] [ LANG ] E:\phpStudy\PHPTutorial\WWW\tp5.0\thinkphp\lang\zh-cn.php
[ info ] [ ROUTE ] array (
  'type' => 'module',
  'module' => 
  array (
    0 => 'studySystem',
    1 => 'Index',
    2 => 'userHome',
  ),
  'convert' => false,
)
[ info ] [ HEADER ] array (
  'cookie' => 'pgv_pvi=8334624768; Phpstorm-d94e29df=3e57be35-439d-4c88-96f0-17e535265bc9; PHPSESSID=d34rjm45dr1sj3qm4javiu9on3',
  'accept-language' => 'zh-CN,zh;q=0.9',
  'accept-encoding' => 'gzip, deflate, br',
  'referer' => 'http://localhost/csrf',
  'accept' => 'text/html,application/xhtml+xml,application/xml;q=0.9,image/webp,image/apng,*/*;q=0.8',
  'user-agent' => 'Mozilla/5.0 (Windows NT 10.0; WOW64) AppleWebKit/537.36 (KHTML, like Gecko) Chrome/64.0.3282.167 Safari/537.36',
  'upgrade-insecure-requests' => '1',
  'connection' => 'keep-alive',
  'host' => 'localhost',
  'content-length' => '',
  'content-type' => '',
)
[ info ] [ PARAM ] array (
)
[ info ] [ RUN ] app\studySystem\controller\Index->userHome[ E:\phpStudy\PHPTutorial\WWW\tp5.0\application\studySystem\controller\Index.php ]
[ info ] [ VIEW ] E:\phpStudy\PHPTutorial\WWW\tp5.0\public/../application/studysystem\view\index\userHome.php [ array (
) ]
[ info ] [ LOG ] INIT File
---------------------------------------------------------------
[ 2018-02-26T18:14:38+08:00 ] 127.0.0.1 GET /studySystem/userHome/head
[ info ] localhost/studySystem/userHome/head [运行时间：0.018885s][吞吐率：52.95req/s] [内存消耗：1,570.32kb] [文件加载：45]
[ info ] [ LANG ] E:\phpStudy\PHPTutorial\WWW\tp5.0\thinkphp\lang\zh-cn.php
[ info ] [ ROUTE ] array (
  'type' => 'module',
  'module' => 
  array (
    0 => 'studySystem',
    1 => 'Index',
    2 => 'userHomeHead',
  ),
  'convert' => false,
)
[ info ] [ HEADER ] array (
  'cookie' => 'pgv_pvi=8334624768; Phpstorm-d94e29df=3e57be35-439d-4c88-96f0-17e535265bc9; PHPSESSID=d34rjm45dr1sj3qm4javiu9on3',
  'accept-language' => 'zh-CN,zh;q=0.9',
  'accept-encoding' => 'gzip, deflate, br',
  'referer' => 'http://localhost/studySystem/userHome',
  'accept' => 'text/html,application/xhtml+xml,application/xml;q=0.9,image/webp,image/apng,*/*;q=0.8',
  'user-agent' => 'Mozilla/5.0 (Windows NT 10.0; WOW64) AppleWebKit/537.36 (KHTML, like Gecko) Chrome/64.0.3282.167 Safari/537.36',
  'upgrade-insecure-requests' => '1',
  'connection' => 'keep-alive',
  'host' => 'localhost',
  'content-length' => '',
  'content-type' => '',
)
[ info ] [ PARAM ] array (
)
[ info ] [ RUN ] app\studySystem\controller\Index->userHomeHead[ E:\phpStudy\PHPTutorial\WWW\tp5.0\application\studySystem\controller\Index.php ]
[ info ] [ VIEW ] E:\phpStudy\PHPTutorial\WWW\tp5.0\public/../application/studysystem\view\index\userHomeHead.php [ array (
) ]
[ info ] [ LOG ] INIT File
---------------------------------------------------------------
[ 2018-02-26T18:14:38+08:00 ] 127.0.0.1 GET /static/studySystem/css/(print.css)print
[ info ] localhost/static/studySystem/css/(print.css)print [运行时间：0.015310s][吞吐率：65.32req/s] [内存消耗：1,107.66kb] [文件加载：38]
[ info ] [ LANG ] E:\phpStudy\PHPTutorial\WWW\tp5.0\thinkphp\lang\zh-cn.php
[ info ] [ ROUTE ] array (
  'type' => 'module',
  'module' => 
  array (
    0 => 'static',
    1 => 'studySystem',
    2 => 'css',
  ),
)
[ info ] [ HEADER ] array (
  'cookie' => 'pgv_pvi=8334624768; Phpstorm-d94e29df=3e57be35-439d-4c88-96f0-17e535265bc9; PHPSESSID=d34rjm45dr1sj3qm4javiu9on3',
  'accept-language' => 'zh-CN,zh;q=0.9',
  'accept-encoding' => 'gzip, deflate, br',
  'referer' => 'http://localhost/static/studySystem/main.html',
  'accept' => 'text/css,*/*;q=0.1',
  'user-agent' => 'Mozilla/5.0 (Windows NT 10.0; WOW64) AppleWebKit/537.36 (KHTML, like Gecko) Chrome/64.0.3282.167 Safari/537.36',
  'connection' => 'keep-alive',
  'host' => 'localhost',
  'content-length' => '',
  'content-type' => '',
)
[ info ] [ PARAM ] array (
)
[ info ] [ LOG ] INIT File
---------------------------------------------------------------
[ 2018-02-26T18:14:38+08:00 ] 127.0.0.1 GET /static/studySystem/images/common/right.gif
[ info ] localhost/static/studySystem/images/common/right.gif [运行时间：0.014636s][吞吐率：68.32req/s] [内存消耗：1,108.14kb] [文件加载：38]
[ info ] [ LANG ] E:\phpStudy\PHPTutorial\WWW\tp5.0\thinkphp\lang\zh-cn.php
[ info ] [ ROUTE ] array (
  'type' => 'module',
  'module' => 
  array (
    0 => 'static',
    1 => 'studySystem',
    2 => 'images',
  ),
)
[ info ] [ HEADER ] array (
  'cookie' => 'pgv_pvi=8334624768; Phpstorm-d94e29df=3e57be35-439d-4c88-96f0-17e535265bc9; PHPSESSID=d34rjm45dr1sj3qm4javiu9on3',
  'accept-language' => 'zh-CN,zh;q=0.9',
  'accept-encoding' => 'gzip, deflate, br',
  'referer' => 'http://localhost/static/studySystem/css/base.css',
  'accept' => 'image/webp,image/apng,image/*,*/*;q=0.8',
  'user-agent' => 'Mozilla/5.0 (Windows NT 10.0; WOW64) AppleWebKit/537.36 (KHTML, like Gecko) Chrome/64.0.3282.167 Safari/537.36',
  'connection' => 'keep-alive',
  'host' => 'localhost',
  'content-length' => '',
  'content-type' => '',
)
[ info ] [ PARAM ] array (
  'common' => 'right.gif',
)
[ info ] [ LOG ] INIT File
---------------------------------------------------------------
[ 2018-02-26T18:15:06+08:00 ] 127.0.0.1 GET /static/studySystem/img/upload/5a9xs3cf847945b.png
[ info ] localhost/static/studySystem/img/upload/5a9xs3cf847945b.png [运行时间：0.015432s][吞吐率：64.80req/s] [内存消耗：1,108.31kb] [文件加载：38]
[ info ] [ LANG ] E:\phpStudy\PHPTutorial\WWW\tp5.0\thinkphp\lang\zh-cn.php
[ info ] [ ROUTE ] array (
  'type' => 'module',
  'module' => 
  array (
    0 => 'static',
    1 => 'studySystem',
    2 => 'img',
  ),
)
[ info ] [ HEADER ] array (
  'cookie' => 'pgv_pvi=8334624768; Phpstorm-d94e29df=3e57be35-439d-4c88-96f0-17e535265bc9; PHPSESSID=d34rjm45dr1sj3qm4javiu9on3',
  'accept-language' => 'zh-CN,zh;q=0.9',
  'accept-encoding' => 'gzip, deflate, br',
  'accept' => 'text/html,application/xhtml+xml,application/xml;q=0.9,image/webp,image/apng,*/*;q=0.8',
  'user-agent' => 'Mozilla/5.0 (Windows NT 10.0; WOW64) AppleWebKit/537.36 (KHTML, like Gecko) Chrome/64.0.3282.167 Safari/537.36',
  'upgrade-insecure-requests' => '1',
  'connection' => 'keep-alive',
  'host' => 'localhost',
  'content-length' => '',
  'content-type' => '',
)
[ info ] [ PARAM ] array (
  'upload' => '5a9xs3cf847945b.png',
)
[ info ] [ LOG ] INIT File
---------------------------------------------------------------
[ 2018-02-26T18:15:07+08:00 ] 127.0.0.1 GET /static/studySystem/img/upload/5a9xs3cf847945b.png
[ info ] localhost/static/studySystem/img/upload/5a9xs3cf847945b.png [运行时间：0.014262s][吞吐率：70.12req/s] [内存消耗：1,108.44kb] [文件加载：38]
[ info ] [ LANG ] E:\phpStudy\PHPTutorial\WWW\tp5.0\thinkphp\lang\zh-cn.php
[ info ] [ ROUTE ] array (
  'type' => 'module',
  'module' => 
  array (
    0 => 'static',
    1 => 'studySystem',
    2 => 'img',
  ),
)
[ info ] [ HEADER ] array (
  'cookie' => 'pgv_pvi=8334624768; Phpstorm-d94e29df=3e57be35-439d-4c88-96f0-17e535265bc9; PHPSESSID=d34rjm45dr1sj3qm4javiu9on3',
  'accept-language' => 'zh-CN,zh;q=0.9',
  'accept-encoding' => 'gzip, deflate, br',
  'accept' => 'text/html,application/xhtml+xml,application/xml;q=0.9,image/webp,image/apng,*/*;q=0.8',
  'user-agent' => 'Mozilla/5.0 (Windows NT 10.0; WOW64) AppleWebKit/537.36 (KHTML, like Gecko) Chrome/64.0.3282.167 Safari/537.36',
  'upgrade-insecure-requests' => '1',
  'cache-control' => 'max-age=0',
  'connection' => 'keep-alive',
  'host' => 'localhost',
  'content-length' => '',
  'content-type' => '',
)
[ info ] [ PARAM ] array (
  'upload' => '5a9xs3cf847945b.png',
)
[ info ] [ LOG ] INIT File
---------------------------------------------------------------
[ 2018-02-26T18:18:08+08:00 ] 127.0.0.1 GET /csrf
[ info ] localhost/csrf [运行时间：0.082134s][吞吐率：12.18req/s] [内存消耗：1,415.71kb] [文件加载：47]
[ info ] [ LANG ] E:\phpStudy\PHPTutorial\WWW\tp5.0\thinkphp\lang\zh-cn.php
[ info ] [ ROUTE ] array (
  'type' => 'module',
  'module' => 
  array (
    0 => 'test',
    1 => 'Mysqldb',
    2 => 'csrf',
  ),
  'convert' => false,
)
[ info ] [ HEADER ] array (
  'cookie' => 'pgv_pvi=8334624768; Phpstorm-d94e29df=3e57be35-439d-4c88-96f0-17e535265bc9; PHPSESSID=d34rjm45dr1sj3qm4javiu9on3',
  'accept-language' => 'zh-CN,zh;q=0.9',
  'accept-encoding' => 'gzip, deflate, br',
  'accept' => 'text/html,application/xhtml+xml,application/xml;q=0.9,image/webp,image/apng,*/*;q=0.8',
  'user-agent' => 'Mozilla/5.0 (Windows NT 10.0; WOW64) AppleWebKit/537.36 (KHTML, like Gecko) Chrome/64.0.3282.167 Safari/537.36',
  'upgrade-insecure-requests' => '1',
  'connection' => 'keep-alive',
  'host' => 'localhost',
  'content-length' => '',
  'content-type' => '',
)
[ info ] [ PARAM ] array (
)
[ info ] [ RUN ] app\test\controller\Mysqldb->csrf[ E:\phpStudy\PHPTutorial\WWW\tp5.0\application\test\controller\Mysqldb.php ]
[ info ] [ VIEW ] E:\phpStudy\PHPTutorial\WWW\tp5.0\public/../application/test\view\mysqldb\csrf.php [ array (
) ]
[ info ] [ LOG ] INIT File
---------------------------------------------------------------
[ 2018-02-26T18:18:10+08:00 ] 127.0.0.1 GET /myindex
[ info ] localhost/myindex [运行时间：0.014440s][吞吐率：69.25req/s] [内存消耗：1,304.47kb] [文件加载：45]
[ info ] [ LANG ] E:\phpStudy\PHPTutorial\WWW\tp5.0\thinkphp\lang\zh-cn.php
[ info ] [ ROUTE ] array (
  'type' => 'module',
  'module' => 
  array (
    0 => 'test',
    1 => 'Mysqldb',
    2 => 'myIndex',
  ),
  'convert' => false,
)
[ info ] [ HEADER ] array (
  'cookie' => 'pgv_pvi=8334624768; Phpstorm-d94e29df=3e57be35-439d-4c88-96f0-17e535265bc9; PHPSESSID=d34rjm45dr1sj3qm4javiu9on3',
  'accept-language' => 'zh-CN,zh;q=0.9',
  'accept-encoding' => 'gzip, deflate, br',
  'referer' => 'http://localhost/csrf',
  'accept' => 'text/html,application/xhtml+xml,application/xml;q=0.9,image/webp,image/apng,*/*;q=0.8',
  'user-agent' => 'Mozilla/5.0 (Windows NT 10.0; WOW64) AppleWebKit/537.36 (KHTML, like Gecko) Chrome/64.0.3282.167 Safari/537.36',
  'upgrade-insecure-requests' => '1',
  'connection' => 'keep-alive',
  'host' => 'localhost',
  'content-length' => '',
  'content-type' => '',
)
[ info ] [ PARAM ] array (
)
[ info ] [ RUN ] app\test\controller\Mysqldb->myIndex[ E:\phpStudy\PHPTutorial\WWW\tp5.0\application\test\controller\Mysqldb.php ]
[ info ] [ VIEW ] E:\phpStudy\PHPTutorial\WWW\tp5.0\public/../application/test\view\mysqldb\index.php [ array (
) ]
[ info ] [ LOG ] INIT File
---------------------------------------------------------------
[ 2018-02-26T18:20:47+08:00 ] 127.0.0.1 POST /verfiy
[ info ] localhost/verfiy [运行时间：0.066915s][吞吐率：14.94req/s] [内存消耗：2,229.64kb] [文件加载：56]
[ info ] [ LANG ] E:\phpStudy\PHPTutorial\WWW\tp5.0\thinkphp\lang\zh-cn.php
[ info ] [ ROUTE ] array (
  'type' => 'module',
  'module' => 
  array (
    0 => 'test',
    1 => 'Mysqldb',
    2 => 'verfiy',
  ),
  'convert' => false,
)
[ info ] [ HEADER ] array (
  'cookie' => 'pgv_pvi=8334624768; Phpstorm-d94e29df=3e57be35-439d-4c88-96f0-17e535265bc9; PHPSESSID=d34rjm45dr1sj3qm4javiu9on3',
  'accept-language' => 'zh-CN,zh;q=0.9',
  'accept-encoding' => 'gzip, deflate, br',
  'referer' => 'http://localhost/login.html',
  'accept' => 'text/html,application/xhtml+xml,application/xml;q=0.9,image/webp,image/apng,*/*;q=0.8',
  'user-agent' => 'Mozilla/5.0 (Windows NT 10.0; WOW64) AppleWebKit/537.36 (KHTML, like Gecko) Chrome/64.0.3282.167 Safari/537.36',
  'content-type' => 'application/x-www-form-urlencoded',
  'upgrade-insecure-requests' => '1',
  'origin' => 'http://localhost',
  'cache-control' => 'max-age=0',
  'content-length' => '77',
  'connection' => 'keep-alive',
  'host' => 'localhost',
)
[ info ] [ PARAM ] array (
  'username' => 'assssssssssssssssss',
  'pswd' => 'a',
  'password' => '0cc175b9c0f1b6a831c399e269772661',
)
[ info ] [ RUN ] app\test\controller\Mysqldb->verfiy[ E:\phpStudy\PHPTutorial\WWW\tp5.0\application\test\controller\Mysqldb.php ]
[ info ] [ DB ] INIT mysql
[ info ] [ VIEW ] E:\phpStudy\PHPTutorial\WWW\tp5.0\thinkphp\tpl\dispatch_jump.tpl [ array (
  0 => 'code',
  1 => 'msg',
  2 => 'data',
  3 => 'url',
  4 => 'wait',
) ]
[ info ] [ LOG ] INIT File
[ sql ] [ DB ] CONNECT:[ UseTime:0.001029s ] mysql:host=127.0.0.1;dbname=test;charset=utf8
[ sql ] [ SQL ] SHOW COLUMNS FROM `testuser` [ RunTime:0.040704s ]
[ sql ] [ SQL ] SELECT * FROM `testuser` WHERE  `name` = 'assssssssssssssssss' LIMIT 1 [ RunTime:0.000454s ]
---------------------------------------------------------------
[ 2018-02-26T18:20:50+08:00 ] 127.0.0.1 GET /register.html
[ info ] localhost/register.html [运行时间：0.028053s][吞吐率：35.65req/s] [内存消耗：1,304.49kb] [文件加载：45]
[ info ] [ LANG ] E:\phpStudy\PHPTutorial\WWW\tp5.0\thinkphp\lang\zh-cn.php
[ info ] [ ROUTE ] array (
  'type' => 'module',
  'module' => 
  array (
    0 => 'test',
    1 => 'Mysqldb',
    2 => 'register',
  ),
  'convert' => false,
)
[ info ] [ HEADER ] array (
  'cookie' => 'pgv_pvi=8334624768; Phpstorm-d94e29df=3e57be35-439d-4c88-96f0-17e535265bc9; PHPSESSID=d34rjm45dr1sj3qm4javiu9on3',
  'accept-language' => 'zh-CN,zh;q=0.9',
  'accept-encoding' => 'gzip, deflate, br',
  'referer' => 'http://localhost/verfiy',
  'accept' => 'text/html,application/xhtml+xml,application/xml;q=0.9,image/webp,image/apng,*/*;q=0.8',
  'user-agent' => 'Mozilla/5.0 (Windows NT 10.0; WOW64) AppleWebKit/537.36 (KHTML, like Gecko) Chrome/64.0.3282.167 Safari/537.36',
  'upgrade-insecure-requests' => '1',
  'connection' => 'keep-alive',
  'host' => 'localhost',
  'content-length' => '',
  'content-type' => '',
)
[ info ] [ PARAM ] array (
)
[ info ] [ RUN ] app\test\controller\Mysqldb->register[ E:\phpStudy\PHPTutorial\WWW\tp5.0\application\test\controller\Mysqldb.php ]
[ info ] [ VIEW ] E:\phpStudy\PHPTutorial\WWW\tp5.0\public/../application/test\view\mysqldb\register.php [ array (
) ]
[ info ] [ LOG ] INIT File
---------------------------------------------------------------
[ 2018-02-26T18:20:53+08:00 ] 127.0.0.1 GET /login
[ info ] localhost/login [运行时间：0.014560s][吞吐率：68.68req/s] [内存消耗：1,304.59kb] [文件加载：45]
[ info ] [ LANG ] E:\phpStudy\PHPTutorial\WWW\tp5.0\thinkphp\lang\zh-cn.php
[ info ] [ ROUTE ] array (
  'type' => 'module',
  'module' => 
  array (
    0 => 'test',
    1 => 'Mysqldb',
    2 => 'login',
  ),
  'convert' => false,
)
[ info ] [ HEADER ] array (
  'cookie' => 'pgv_pvi=8334624768; Phpstorm-d94e29df=3e57be35-439d-4c88-96f0-17e535265bc9; PHPSESSID=d34rjm45dr1sj3qm4javiu9on3',
  'accept-language' => 'zh-CN,zh;q=0.9',
  'accept-encoding' => 'gzip, deflate, br',
  'referer' => 'http://localhost/register.html',
  'accept' => 'text/html,application/xhtml+xml,application/xml;q=0.9,image/webp,image/apng,*/*;q=0.8',
  'user-agent' => 'Mozilla/5.0 (Windows NT 10.0; WOW64) AppleWebKit/537.36 (KHTML, like Gecko) Chrome/64.0.3282.167 Safari/537.36',
  'upgrade-insecure-requests' => '1',
  'connection' => 'keep-alive',
  'host' => 'localhost',
  'content-length' => '',
  'content-type' => '',
)
[ info ] [ PARAM ] array (
)
[ info ] [ RUN ] app\test\controller\Mysqldb->login[ E:\phpStudy\PHPTutorial\WWW\tp5.0\application\test\controller\Mysqldb.php ]
[ info ] [ VIEW ] E:\phpStudy\PHPTutorial\WWW\tp5.0\public/../application/test\view\mysqldb\login.php [ array (
) ]
[ info ] [ LOG ] INIT File
---------------------------------------------------------------
[ 2018-02-26T18:20:58+08:00 ] 127.0.0.1 POST /verfiy
[ info ] localhost/verfiy [运行时间：0.064033s][吞吐率：15.62req/s] [内存消耗：2,229.55kb] [文件加载：56]
[ info ] [ LANG ] E:\phpStudy\PHPTutorial\WWW\tp5.0\thinkphp\lang\zh-cn.php
[ info ] [ ROUTE ] array (
  'type' => 'module',
  'module' => 
  array (
    0 => 'test',
    1 => 'Mysqldb',
    2 => 'verfiy',
  ),
  'convert' => false,
)
[ info ] [ HEADER ] array (
  'cookie' => 'pgv_pvi=8334624768; Phpstorm-d94e29df=3e57be35-439d-4c88-96f0-17e535265bc9; PHPSESSID=d34rjm45dr1sj3qm4javiu9on3',
  'accept-language' => 'zh-CN,zh;q=0.9',
  'accept-encoding' => 'gzip, deflate, br',
  'referer' => 'http://localhost/login',
  'accept' => 'text/html,application/xhtml+xml,application/xml;q=0.9,image/webp,image/apng,*/*;q=0.8',
  'user-agent' => 'Mozilla/5.0 (Windows NT 10.0; WOW64) AppleWebKit/537.36 (KHTML, like Gecko) Chrome/64.0.3282.167 Safari/537.36',
  'content-type' => 'application/x-www-form-urlencoded',
  'upgrade-insecure-requests' => '1',
  'origin' => 'http://localhost',
  'cache-control' => 'max-age=0',
  'content-length' => '73',
  'connection' => 'keep-alive',
  'host' => 'localhost',
)
[ info ] [ PARAM ] array (
  'username' => 'aaaaaaaaaaaa',
  'pswd' => 'asaa',
  'password' => '43306e8113f53ece238c0a124432ce19',
)
[ info ] [ RUN ] app\test\controller\Mysqldb->verfiy[ E:\phpStudy\PHPTutorial\WWW\tp5.0\application\test\controller\Mysqldb.php ]
[ info ] [ DB ] INIT mysql
[ info ] [ VIEW ] E:\phpStudy\PHPTutorial\WWW\tp5.0\thinkphp\tpl\dispatch_jump.tpl [ array (
  0 => 'code',
  1 => 'msg',
  2 => 'data',
  3 => 'url',
  4 => 'wait',
) ]
[ info ] [ LOG ] INIT File
[ sql ] [ DB ] CONNECT:[ UseTime:0.001118s ] mysql:host=127.0.0.1;dbname=test;charset=utf8
[ sql ] [ SQL ] SHOW COLUMNS FROM `testuser` [ RunTime:0.037443s ]
[ sql ] [ SQL ] SELECT * FROM `testuser` WHERE  `name` = 'aaaaaaaaaaaa' LIMIT 1 [ RunTime:0.001438s ]
---------------------------------------------------------------
[ 2018-02-26T18:21:01+08:00 ] 127.0.0.1 GET /register.html
[ info ] localhost/register.html [运行时间：0.024421s][吞吐率：40.95req/s] [内存消耗：1,304.49kb] [文件加载：45]
[ info ] [ LANG ] E:\phpStudy\PHPTutorial\WWW\tp5.0\thinkphp\lang\zh-cn.php
[ info ] [ ROUTE ] array (
  'type' => 'module',
  'module' => 
  array (
    0 => 'test',
    1 => 'Mysqldb',
    2 => 'register',
  ),
  'convert' => false,
)
[ info ] [ HEADER ] array (
  'cookie' => 'pgv_pvi=8334624768; Phpstorm-d94e29df=3e57be35-439d-4c88-96f0-17e535265bc9; PHPSESSID=d34rjm45dr1sj3qm4javiu9on3',
  'accept-language' => 'zh-CN,zh;q=0.9',
  'accept-encoding' => 'gzip, deflate, br',
  'referer' => 'http://localhost/verfiy',
  'accept' => 'text/html,application/xhtml+xml,application/xml;q=0.9,image/webp,image/apng,*/*;q=0.8',
  'user-agent' => 'Mozilla/5.0 (Windows NT 10.0; WOW64) AppleWebKit/537.36 (KHTML, like Gecko) Chrome/64.0.3282.167 Safari/537.36',
  'upgrade-insecure-requests' => '1',
  'connection' => 'keep-alive',
  'host' => 'localhost',
  'content-length' => '',
  'content-type' => '',
)
[ info ] [ PARAM ] array (
)
[ info ] [ RUN ] app\test\controller\Mysqldb->register[ E:\phpStudy\PHPTutorial\WWW\tp5.0\application\test\controller\Mysqldb.php ]
[ info ] [ VIEW ] E:\phpStudy\PHPTutorial\WWW\tp5.0\public/../application/test\view\mysqldb\register.php [ array (
) ]
[ info ] [ LOG ] INIT File
---------------------------------------------------------------
[ 2018-02-26T18:22:24+08:00 ] 127.0.0.1 POST /useradd
[ info ] localhost/useradd [运行时间：0.082847s][吞吐率：12.07req/s] [内存消耗：2,167.31kb] [文件加载：54]
[ info ] [ LANG ] E:\phpStudy\PHPTutorial\WWW\tp5.0\thinkphp\lang\zh-cn.php
[ info ] [ ROUTE ] array (
  'type' => 'module',
  'module' => 
  array (
    0 => 'test',
    1 => 'Mysqldb',
    2 => 'addUser',
  ),
  'convert' => false,
)
[ info ] [ HEADER ] array (
  'cookie' => 'pgv_pvi=8334624768; Phpstorm-d94e29df=3e57be35-439d-4c88-96f0-17e535265bc9; PHPSESSID=d34rjm45dr1sj3qm4javiu9on3',
  'accept-language' => 'zh-CN,zh;q=0.9',
  'accept-encoding' => 'gzip, deflate, br',
  'referer' => 'http://localhost/register.html',
  'accept' => 'text/html,application/xhtml+xml,application/xml;q=0.9,image/webp,image/apng,*/*;q=0.8',
  'user-agent' => 'Mozilla/5.0 (Windows NT 10.0; WOW64) AppleWebKit/537.36 (KHTML, like Gecko) Chrome/64.0.3282.167 Safari/537.36',
  'content-type' => 'application/x-www-form-urlencoded',
  'upgrade-insecure-requests' => '1',
  'origin' => 'http://localhost',
  'cache-control' => 'max-age=0',
  'content-length' => '59',
  'connection' => 'keep-alive',
  'host' => 'localhost',
)
[ info ] [ PARAM ] array (
  'username' => 'a',
  'pswd' => 'a',
  'password' => '0cc175b9c0f1b6a831c399e269772661',
)
[ info ] [ RUN ] app\test\controller\Mysqldb->addUser[ E:\phpStudy\PHPTutorial\WWW\tp5.0\application\test\controller\Mysqldb.php ]
[ info ] [ DB ] INIT mysql
[ info ] [ VIEW ] E:\phpStudy\PHPTutorial\WWW\tp5.0\thinkphp\tpl\dispatch_jump.tpl [ array (
  0 => 'code',
  1 => 'msg',
  2 => 'data',
  3 => 'url',
  4 => 'wait',
) ]
[ info ] [ LOG ] INIT File
[ sql ] [ DB ] CONNECT:[ UseTime:0.001509s ] mysql:host=127.0.0.1;dbname=test;charset=utf8
[ sql ] [ SQL ] SHOW COLUMNS FROM `testuser` [ RunTime:0.028181s ]
[ sql ] [ SQL ] SELECT * FROM `testuser` WHERE  `name` = 'a' LIMIT 1 [ RunTime:0.000930s ]
---------------------------------------------------------------
[ 2018-02-26T18:22:53+08:00 ] 127.0.0.1 GET /login
[ info ] localhost/login [运行时间：0.016638s][吞吐率：60.10req/s] [内存消耗：1,304.59kb] [文件加载：45]
[ info ] [ LANG ] E:\phpStudy\PHPTutorial\WWW\tp5.0\thinkphp\lang\zh-cn.php
[ info ] [ ROUTE ] array (
  'type' => 'module',
  'module' => 
  array (
    0 => 'test',
    1 => 'Mysqldb',
    2 => 'login',
  ),
  'convert' => false,
)
[ info ] [ HEADER ] array (
  'cookie' => 'pgv_pvi=8334624768; Phpstorm-d94e29df=3e57be35-439d-4c88-96f0-17e535265bc9; PHPSESSID=d34rjm45dr1sj3qm4javiu9on3',
  'accept-language' => 'zh-CN,zh;q=0.9',
  'accept-encoding' => 'gzip, deflate, br',
  'referer' => 'http://localhost/register.html',
  'accept' => 'text/html,application/xhtml+xml,application/xml;q=0.9,image/webp,image/apng,*/*;q=0.8',
  'user-agent' => 'Mozilla/5.0 (Windows NT 10.0; WOW64) AppleWebKit/537.36 (KHTML, like Gecko) Chrome/64.0.3282.167 Safari/537.36',
  'upgrade-insecure-requests' => '1',
  'connection' => 'keep-alive',
  'host' => 'localhost',
  'content-length' => '',
  'content-type' => '',
)
[ info ] [ PARAM ] array (
)
[ info ] [ RUN ] app\test\controller\Mysqldb->login[ E:\phpStudy\PHPTutorial\WWW\tp5.0\application\test\controller\Mysqldb.php ]
[ info ] [ VIEW ] E:\phpStudy\PHPTutorial\WWW\tp5.0\public/../application/test\view\mysqldb\login.php [ array (
) ]
[ info ] [ LOG ] INIT File
---------------------------------------------------------------
[ 2018-02-26T18:22:57+08:00 ] 127.0.0.1 POST /verfiy
[ info ] localhost/verfiy [运行时间：0.070223s][吞吐率：14.24req/s] [内存消耗：2,229.02kb] [文件加载：56]
[ info ] [ LANG ] E:\phpStudy\PHPTutorial\WWW\tp5.0\thinkphp\lang\zh-cn.php
[ info ] [ ROUTE ] array (
  'type' => 'module',
  'module' => 
  array (
    0 => 'test',
    1 => 'Mysqldb',
    2 => 'verfiy',
  ),
  'convert' => false,
)
[ info ] [ HEADER ] array (
  'cookie' => 'pgv_pvi=8334624768; Phpstorm-d94e29df=3e57be35-439d-4c88-96f0-17e535265bc9; PHPSESSID=d34rjm45dr1sj3qm4javiu9on3',
  'accept-language' => 'zh-CN,zh;q=0.9',
  'accept-encoding' => 'gzip, deflate, br',
  'referer' => 'http://localhost/login',
  'accept' => 'text/html,application/xhtml+xml,application/xml;q=0.9,image/webp,image/apng,*/*;q=0.8',
  'user-agent' => 'Mozilla/5.0 (Windows NT 10.0; WOW64) AppleWebKit/537.36 (KHTML, like Gecko) Chrome/64.0.3282.167 Safari/537.36',
  'content-type' => 'application/x-www-form-urlencoded',
  'upgrade-insecure-requests' => '1',
  'origin' => 'http://localhost',
  'cache-control' => 'max-age=0',
  'content-length' => '61',
  'connection' => 'keep-alive',
  'host' => 'localhost',
)
[ info ] [ PARAM ] array (
  'username' => 'aa',
  'pswd' => 'aa',
  'password' => '4124bc0a9335c27f086f24ba207a4912',
)
[ info ] [ RUN ] app\test\controller\Mysqldb->verfiy[ E:\phpStudy\PHPTutorial\WWW\tp5.0\application\test\controller\Mysqldb.php ]
[ info ] [ DB ] INIT mysql
[ info ] [ VIEW ] E:\phpStudy\PHPTutorial\WWW\tp5.0\thinkphp\tpl\dispatch_jump.tpl [ array (
  0 => 'code',
  1 => 'msg',
  2 => 'data',
  3 => 'url',
  4 => 'wait',
) ]
[ info ] [ LOG ] INIT File
[ sql ] [ DB ] CONNECT:[ UseTime:0.001303s ] mysql:host=127.0.0.1;dbname=test;charset=utf8
[ sql ] [ SQL ] SHOW COLUMNS FROM `testuser` [ RunTime:0.043879s ]
[ sql ] [ SQL ] SELECT * FROM `testuser` WHERE  `name` = 'aa' LIMIT 1 [ RunTime:0.000678s ]
---------------------------------------------------------------
[ 2018-02-26T18:23:00+08:00 ] 127.0.0.1 GET /register.html
[ info ] localhost/register.html [运行时间：0.031341s][吞吐率：31.91req/s] [内存消耗：1,304.49kb] [文件加载：45]
[ info ] [ LANG ] E:\phpStudy\PHPTutorial\WWW\tp5.0\thinkphp\lang\zh-cn.php
[ info ] [ ROUTE ] array (
  'type' => 'module',
  'module' => 
  array (
    0 => 'test',
    1 => 'Mysqldb',
    2 => 'register',
  ),
  'convert' => false,
)
[ info ] [ HEADER ] array (
  'cookie' => 'pgv_pvi=8334624768; Phpstorm-d94e29df=3e57be35-439d-4c88-96f0-17e535265bc9; PHPSESSID=d34rjm45dr1sj3qm4javiu9on3',
  'accept-language' => 'zh-CN,zh;q=0.9',
  'accept-encoding' => 'gzip, deflate, br',
  'referer' => 'http://localhost/verfiy',
  'accept' => 'text/html,application/xhtml+xml,application/xml;q=0.9,image/webp,image/apng,*/*;q=0.8',
  'user-agent' => 'Mozilla/5.0 (Windows NT 10.0; WOW64) AppleWebKit/537.36 (KHTML, like Gecko) Chrome/64.0.3282.167 Safari/537.36',
  'upgrade-insecure-requests' => '1',
  'connection' => 'keep-alive',
  'host' => 'localhost',
  'content-length' => '',
  'content-type' => '',
)
[ info ] [ PARAM ] array (
)
[ info ] [ RUN ] app\test\controller\Mysqldb->register[ E:\phpStudy\PHPTutorial\WWW\tp5.0\application\test\controller\Mysqldb.php ]
[ info ] [ VIEW ] E:\phpStudy\PHPTutorial\WWW\tp5.0\public/../application/test\view\mysqldb\register.php [ array (
) ]
[ info ] [ LOG ] INIT File
---------------------------------------------------------------
[ 2018-02-26T18:23:03+08:00 ] 127.0.0.1 POST /useradd
[ info ] localhost/useradd [运行时间：0.123263s][吞吐率：8.11req/s] [内存消耗：2,215.70kb] [文件加载：55]
[ info ] [ LANG ] E:\phpStudy\PHPTutorial\WWW\tp5.0\thinkphp\lang\zh-cn.php
[ info ] [ ROUTE ] array (
  'type' => 'module',
  'module' => 
  array (
    0 => 'test',
    1 => 'Mysqldb',
    2 => 'addUser',
  ),
  'convert' => false,
)
[ info ] [ HEADER ] array (
  'cookie' => 'pgv_pvi=8334624768; Phpstorm-d94e29df=3e57be35-439d-4c88-96f0-17e535265bc9; PHPSESSID=d34rjm45dr1sj3qm4javiu9on3',
  'accept-language' => 'zh-CN,zh;q=0.9',
  'accept-encoding' => 'gzip, deflate, br',
  'referer' => 'http://localhost/register.html',
  'accept' => 'text/html,application/xhtml+xml,application/xml;q=0.9,image/webp,image/apng,*/*;q=0.8',
  'user-agent' => 'Mozilla/5.0 (Windows NT 10.0; WOW64) AppleWebKit/537.36 (KHTML, like Gecko) Chrome/64.0.3282.167 Safari/537.36',
  'content-type' => 'application/x-www-form-urlencoded',
  'upgrade-insecure-requests' => '1',
  'origin' => 'http://localhost',
  'cache-control' => 'max-age=0',
  'content-length' => '61',
  'connection' => 'keep-alive',
  'host' => 'localhost',
)
[ info ] [ PARAM ] array (
  'username' => 'aa',
  'pswd' => 'aa',
  'password' => '4124bc0a9335c27f086f24ba207a4912',
)
[ info ] [ RUN ] app\test\controller\Mysqldb->addUser[ E:\phpStudy\PHPTutorial\WWW\tp5.0\application\test\controller\Mysqldb.php ]
[ info ] [ DB ] INIT mysql
[ info ] [ VIEW ] E:\phpStudy\PHPTutorial\WWW\tp5.0\thinkphp\tpl\dispatch_jump.tpl [ array (
  0 => 'code',
  1 => 'msg',
  2 => 'data',
  3 => 'url',
  4 => 'wait',
) ]
[ info ] [ LOG ] INIT File
[ sql ] [ DB ] CONNECT:[ UseTime:0.001029s ] mysql:host=127.0.0.1;dbname=test;charset=utf8
[ sql ] [ SQL ] SHOW COLUMNS FROM `testuser` [ RunTime:0.034485s ]
[ sql ] [ SQL ] SELECT * FROM `testuser` WHERE  `name` = 'aa' LIMIT 1 [ RunTime:0.000499s ]
[ sql ] [ SQL ] INSERT INTO `testuser` (`name` , `password`) VALUES ('aa' , '4124bc0a9335c27f086f24ba207a4912') [ RunTime:0.052417s ]
---------------------------------------------------------------
[ 2018-02-26T18:23:05+08:00 ] 127.0.0.1 GET /login.html
[ info ] localhost/login.html [运行时间：0.014544s][吞吐率：68.76req/s] [内存消耗：1,304.53kb] [文件加载：45]
[ info ] [ LANG ] E:\phpStudy\PHPTutorial\WWW\tp5.0\thinkphp\lang\zh-cn.php
[ info ] [ ROUTE ] array (
  'type' => 'module',
  'module' => 
  array (
    0 => 'test',
    1 => 'Mysqldb',
    2 => 'login',
  ),
  'convert' => false,
)
[ info ] [ HEADER ] array (
  'cookie' => 'pgv_pvi=8334624768; Phpstorm-d94e29df=3e57be35-439d-4c88-96f0-17e535265bc9; PHPSESSID=d34rjm45dr1sj3qm4javiu9on3',
  'accept-language' => 'zh-CN,zh;q=0.9',
  'accept-encoding' => 'gzip, deflate, br',
  'referer' => 'http://localhost/useradd',
  'accept' => 'text/html,application/xhtml+xml,application/xml;q=0.9,image/webp,image/apng,*/*;q=0.8',
  'user-agent' => 'Mozilla/5.0 (Windows NT 10.0; WOW64) AppleWebKit/537.36 (KHTML, like Gecko) Chrome/64.0.3282.167 Safari/537.36',
  'upgrade-insecure-requests' => '1',
  'connection' => 'keep-alive',
  'host' => 'localhost',
  'content-length' => '',
  'content-type' => '',
)
[ info ] [ PARAM ] array (
)
[ info ] [ RUN ] app\test\controller\Mysqldb->login[ E:\phpStudy\PHPTutorial\WWW\tp5.0\application\test\controller\Mysqldb.php ]
[ info ] [ VIEW ] E:\phpStudy\PHPTutorial\WWW\tp5.0\public/../application/test\view\mysqldb\login.php [ array (
) ]
[ info ] [ LOG ] INIT File
---------------------------------------------------------------
[ 2018-02-26T18:23:08+08:00 ] 127.0.0.1 POST /verfiy
[ info ] localhost/verfiy [运行时间：0.073250s][吞吐率：13.65req/s] [内存消耗：2,230.64kb] [文件加载：56]
[ info ] [ LANG ] E:\phpStudy\PHPTutorial\WWW\tp5.0\thinkphp\lang\zh-cn.php
[ info ] [ ROUTE ] array (
  'type' => 'module',
  'module' => 
  array (
    0 => 'test',
    1 => 'Mysqldb',
    2 => 'verfiy',
  ),
  'convert' => false,
)
[ info ] [ HEADER ] array (
  'cookie' => 'pgv_pvi=8334624768; Phpstorm-d94e29df=3e57be35-439d-4c88-96f0-17e535265bc9; PHPSESSID=d34rjm45dr1sj3qm4javiu9on3',
  'accept-language' => 'zh-CN,zh;q=0.9',
  'accept-encoding' => 'gzip, deflate, br',
  'referer' => 'http://localhost/login.html',
  'accept' => 'text/html,application/xhtml+xml,application/xml;q=0.9,image/webp,image/apng,*/*;q=0.8',
  'user-agent' => 'Mozilla/5.0 (Windows NT 10.0; WOW64) AppleWebKit/537.36 (KHTML, like Gecko) Chrome/64.0.3282.167 Safari/537.36',
  'content-type' => 'application/x-www-form-urlencoded',
  'upgrade-insecure-requests' => '1',
  'origin' => 'http://localhost',
  'cache-control' => 'max-age=0',
  'content-length' => '61',
  'connection' => 'keep-alive',
  'host' => 'localhost',
)
[ info ] [ PARAM ] array (
  'username' => 'aa',
  'pswd' => 'aa',
  'password' => '4124bc0a9335c27f086f24ba207a4912',
)
[ info ] [ RUN ] app\test\controller\Mysqldb->verfiy[ E:\phpStudy\PHPTutorial\WWW\tp5.0\application\test\controller\Mysqldb.php ]
[ info ] [ DB ] INIT mysql
[ info ] [ VIEW ] E:\phpStudy\PHPTutorial\WWW\tp5.0\thinkphp\tpl\dispatch_jump.tpl [ array (
  0 => 'code',
  1 => 'msg',
  2 => 'data',
  3 => 'url',
  4 => 'wait',
) ]
[ info ] [ LOG ] INIT File
[ sql ] [ DB ] CONNECT:[ UseTime:0.000821s ] mysql:host=127.0.0.1;dbname=test;charset=utf8
[ sql ] [ SQL ] SHOW COLUMNS FROM `testuser` [ RunTime:0.048909s ]
[ sql ] [ SQL ] SELECT * FROM `testuser` WHERE  `name` = 'aa' LIMIT 1 [ RunTime:0.000646s ]
[ sql ] [ SQL ] SELECT * FROM `testuser` WHERE  `name` = 'aa'  AND `password` = '4124bc0a9335c27f086f24ba207a4912' LIMIT 1 [ RunTime:0.000411s ]
---------------------------------------------------------------
[ 2018-02-26T18:23:11+08:00 ] 127.0.0.1 GET /myindex.html
[ info ] localhost/myindex.html [运行时间：0.025610s][吞吐率：39.05req/s] [内存消耗：1,304.52kb] [文件加载：45]
[ info ] [ LANG ] E:\phpStudy\PHPTutorial\WWW\tp5.0\thinkphp\lang\zh-cn.php
[ info ] [ ROUTE ] array (
  'type' => 'module',
  'module' => 
  array (
    0 => 'test',
    1 => 'Mysqldb',
    2 => 'myIndex',
  ),
  'convert' => false,
)
[ info ] [ HEADER ] array (
  'cookie' => 'pgv_pvi=8334624768; Phpstorm-d94e29df=3e57be35-439d-4c88-96f0-17e535265bc9; PHPSESSID=d34rjm45dr1sj3qm4javiu9on3',
  'accept-language' => 'zh-CN,zh;q=0.9',
  'accept-encoding' => 'gzip, deflate, br',
  'referer' => 'http://localhost/verfiy',
  'accept' => 'text/html,application/xhtml+xml,application/xml;q=0.9,image/webp,image/apng,*/*;q=0.8',
  'user-agent' => 'Mozilla/5.0 (Windows NT 10.0; WOW64) AppleWebKit/537.36 (KHTML, like Gecko) Chrome/64.0.3282.167 Safari/537.36',
  'upgrade-insecure-requests' => '1',
  'connection' => 'keep-alive',
  'host' => 'localhost',
  'content-length' => '',
  'content-type' => '',
)
[ info ] [ PARAM ] array (
)
[ info ] [ RUN ] app\test\controller\Mysqldb->myIndex[ E:\phpStudy\PHPTutorial\WWW\tp5.0\application\test\controller\Mysqldb.php ]
[ info ] [ VIEW ] E:\phpStudy\PHPTutorial\WWW\tp5.0\public/../application/test\view\mysqldb\index.php [ array (
) ]
[ info ] [ LOG ] INIT File
---------------------------------------------------------------
[ 2018-02-26T18:23:24+08:00 ] 127.0.0.1 GET /csrf
[ info ] localhost/csrf [运行时间：0.023735s][吞吐率：42.13req/s] [内存消耗：1,304.05kb] [文件加载：45]
[ info ] [ LANG ] E:\phpStudy\PHPTutorial\WWW\tp5.0\thinkphp\lang\zh-cn.php
[ info ] [ ROUTE ] array (
  'type' => 'module',
  'module' => 
  array (
    0 => 'test',
    1 => 'Mysqldb',
    2 => 'csrf',
  ),
  'convert' => false,
)
[ info ] [ HEADER ] array (
  'cookie' => 'pgv_pvi=8334624768; Phpstorm-d94e29df=3e57be35-439d-4c88-96f0-17e535265bc9; PHPSESSID=d34rjm45dr1sj3qm4javiu9on3',
  'accept-language' => 'zh-CN,zh;q=0.9',
  'accept-encoding' => 'gzip, deflate, br',
  'accept' => 'text/html,application/xhtml+xml,application/xml;q=0.9,image/webp,image/apng,*/*;q=0.8',
  'user-agent' => 'Mozilla/5.0 (Windows NT 10.0; WOW64) AppleWebKit/537.36 (KHTML, like Gecko) Chrome/64.0.3282.167 Safari/537.36',
  'upgrade-insecure-requests' => '1',
  'connection' => 'keep-alive',
  'host' => 'localhost',
  'content-length' => '',
  'content-type' => '',
)
[ info ] [ PARAM ] array (
)
[ info ] [ RUN ] app\test\controller\Mysqldb->csrf[ E:\phpStudy\PHPTutorial\WWW\tp5.0\application\test\controller\Mysqldb.php ]
[ info ] [ VIEW ] E:\phpStudy\PHPTutorial\WWW\tp5.0\public/../application/test\view\mysqldb\csrf.php [ array (
) ]
[ info ] [ LOG ] INIT File
---------------------------------------------------------------
[ 2018-02-26T18:23:28+08:00 ] 127.0.0.1 GET /myindex
[ info ] localhost/myindex [运行时间：0.014825s][吞吐率：67.45req/s] [内存消耗：1,304.47kb] [文件加载：45]
[ info ] [ LANG ] E:\phpStudy\PHPTutorial\WWW\tp5.0\thinkphp\lang\zh-cn.php
[ info ] [ ROUTE ] array (
  'type' => 'module',
  'module' => 
  array (
    0 => 'test',
    1 => 'Mysqldb',
    2 => 'myIndex',
  ),
  'convert' => false,
)
[ info ] [ HEADER ] array (
  'cookie' => 'pgv_pvi=8334624768; Phpstorm-d94e29df=3e57be35-439d-4c88-96f0-17e535265bc9; PHPSESSID=d34rjm45dr1sj3qm4javiu9on3',
  'accept-language' => 'zh-CN,zh;q=0.9',
  'accept-encoding' => 'gzip, deflate, br',
  'referer' => 'http://localhost/csrf',
  'accept' => 'text/html,application/xhtml+xml,application/xml;q=0.9,image/webp,image/apng,*/*;q=0.8',
  'user-agent' => 'Mozilla/5.0 (Windows NT 10.0; WOW64) AppleWebKit/537.36 (KHTML, like Gecko) Chrome/64.0.3282.167 Safari/537.36',
  'upgrade-insecure-requests' => '1',
  'connection' => 'keep-alive',
  'host' => 'localhost',
  'content-length' => '',
  'content-type' => '',
)
[ info ] [ PARAM ] array (
)
[ info ] [ RUN ] app\test\controller\Mysqldb->myIndex[ E:\phpStudy\PHPTutorial\WWW\tp5.0\application\test\controller\Mysqldb.php ]
[ info ] [ VIEW ] E:\phpStudy\PHPTutorial\WWW\tp5.0\public/../application/test\view\mysqldb\index.php [ array (
) ]
[ info ] [ LOG ] INIT File
---------------------------------------------------------------
[ 2018-02-26T18:33:01+08:00 ] 127.0.0.1 POST /verfiy
[ info ] localhost/verfiy [运行时间：0.154379s][吞吐率：6.48req/s] [内存消耗：2,230.64kb] [文件加载：56]
[ info ] [ LANG ] E:\phpStudy\PHPTutorial\WWW\tp5.0\thinkphp\lang\zh-cn.php
[ info ] [ ROUTE ] array (
  'type' => 'module',
  'module' => 
  array (
    0 => 'test',
    1 => 'Mysqldb',
    2 => 'verfiy',
  ),
  'convert' => false,
)
[ info ] [ HEADER ] array (
  'cookie' => 'pgv_pvi=8334624768; Phpstorm-d94e29df=3e57be35-439d-4c88-96f0-17e535265bc9; PHPSESSID=d34rjm45dr1sj3qm4javiu9on3',
  'accept-language' => 'zh-CN,zh;q=0.9',
  'accept-encoding' => 'gzip, deflate, br',
  'referer' => 'http://localhost/login.html',
  'accept' => 'text/html,application/xhtml+xml,application/xml;q=0.9,image/webp,image/apng,*/*;q=0.8',
  'user-agent' => 'Mozilla/5.0 (Windows NT 10.0; WOW64) AppleWebKit/537.36 (KHTML, like Gecko) Chrome/64.0.3282.167 Safari/537.36',
  'content-type' => 'application/x-www-form-urlencoded',
  'upgrade-insecure-requests' => '1',
  'origin' => 'http://localhost',
  'cache-control' => 'max-age=0',
  'content-length' => '61',
  'connection' => 'keep-alive',
  'host' => 'localhost',
)
[ info ] [ PARAM ] array (
  'username' => 'aa',
  'pswd' => 'aa',
  'password' => '4124bc0a9335c27f086f24ba207a4912',
)
[ info ] [ RUN ] app\test\controller\Mysqldb->verfiy[ E:\phpStudy\PHPTutorial\WWW\tp5.0\application\test\controller\Mysqldb.php ]
[ info ] [ DB ] INIT mysql
[ info ] [ VIEW ] E:\phpStudy\PHPTutorial\WWW\tp5.0\thinkphp\tpl\dispatch_jump.tpl [ array (
  0 => 'code',
  1 => 'msg',
  2 => 'data',
  3 => 'url',
  4 => 'wait',
) ]
[ info ] [ LOG ] INIT File
[ sql ] [ DB ] CONNECT:[ UseTime:0.001033s ] mysql:host=127.0.0.1;dbname=test;charset=utf8
[ sql ] [ SQL ] SHOW COLUMNS FROM `testuser` [ RunTime:0.121879s ]
[ sql ] [ SQL ] SELECT * FROM `testuser` WHERE  `name` = 'aa' LIMIT 1 [ RunTime:0.000796s ]
[ sql ] [ SQL ] SELECT * FROM `testuser` WHERE  `name` = 'aa'  AND `password` = '4124bc0a9335c27f086f24ba207a4912' LIMIT 1 [ RunTime:0.000657s ]
---------------------------------------------------------------
[ 2018-02-26T18:33:04+08:00 ] 127.0.0.1 GET /myindex.html
[ info ] localhost/myindex.html [运行时间：0.029450s][吞吐率：33.96req/s] [内存消耗：1,304.52kb] [文件加载：45]
[ info ] [ LANG ] E:\phpStudy\PHPTutorial\WWW\tp5.0\thinkphp\lang\zh-cn.php
[ info ] [ ROUTE ] array (
  'type' => 'module',
  'module' => 
  array (
    0 => 'test',
    1 => 'Mysqldb',
    2 => 'myIndex',
  ),
  'convert' => false,
)
[ info ] [ HEADER ] array (
  'cookie' => 'pgv_pvi=8334624768; Phpstorm-d94e29df=3e57be35-439d-4c88-96f0-17e535265bc9; PHPSESSID=d34rjm45dr1sj3qm4javiu9on3',
  'accept-language' => 'zh-CN,zh;q=0.9',
  'accept-encoding' => 'gzip, deflate, br',
  'referer' => 'http://localhost/verfiy',
  'accept' => 'text/html,application/xhtml+xml,application/xml;q=0.9,image/webp,image/apng,*/*;q=0.8',
  'user-agent' => 'Mozilla/5.0 (Windows NT 10.0; WOW64) AppleWebKit/537.36 (KHTML, like Gecko) Chrome/64.0.3282.167 Safari/537.36',
  'upgrade-insecure-requests' => '1',
  'connection' => 'keep-alive',
  'host' => 'localhost',
  'content-length' => '',
  'content-type' => '',
)
[ info ] [ PARAM ] array (
)
[ info ] [ RUN ] app\test\controller\Mysqldb->myIndex[ E:\phpStudy\PHPTutorial\WWW\tp5.0\application\test\controller\Mysqldb.php ]
[ info ] [ VIEW ] E:\phpStudy\PHPTutorial\WWW\tp5.0\public/../application/test\view\mysqldb\index.php [ array (
) ]
[ info ] [ LOG ] INIT File
---------------------------------------------------------------
[ 2018-02-26T18:33:15+08:00 ] 127.0.0.1 GET /csrf
[ info ] localhost/csrf [运行时间：0.015199s][吞吐率：65.79req/s] [内存消耗：1,304.05kb] [文件加载：45]
[ info ] [ LANG ] E:\phpStudy\PHPTutorial\WWW\tp5.0\thinkphp\lang\zh-cn.php
[ info ] [ ROUTE ] array (
  'type' => 'module',
  'module' => 
  array (
    0 => 'test',
    1 => 'Mysqldb',
    2 => 'csrf',
  ),
  'convert' => false,
)
[ info ] [ HEADER ] array (
  'cookie' => 'pgv_pvi=8334624768; Phpstorm-d94e29df=3e57be35-439d-4c88-96f0-17e535265bc9; PHPSESSID=d34rjm45dr1sj3qm4javiu9on3',
  'accept-language' => 'zh-CN,zh;q=0.9',
  'accept-encoding' => 'gzip, deflate, br',
  'accept' => 'text/html,application/xhtml+xml,application/xml;q=0.9,image/webp,image/apng,*/*;q=0.8',
  'user-agent' => 'Mozilla/5.0 (Windows NT 10.0; WOW64) AppleWebKit/537.36 (KHTML, like Gecko) Chrome/64.0.3282.167 Safari/537.36',
  'upgrade-insecure-requests' => '1',
  'connection' => 'keep-alive',
  'host' => 'localhost',
  'content-length' => '',
  'content-type' => '',
)
[ info ] [ PARAM ] array (
)
[ info ] [ RUN ] app\test\controller\Mysqldb->csrf[ E:\phpStudy\PHPTutorial\WWW\tp5.0\application\test\controller\Mysqldb.php ]
[ info ] [ VIEW ] E:\phpStudy\PHPTutorial\WWW\tp5.0\public/../application/test\view\mysqldb\csrf.php [ array (
) ]
[ info ] [ LOG ] INIT File
---------------------------------------------------------------
[ 2018-02-26T18:33:16+08:00 ] 127.0.0.1 GET /myindex
[ info ] localhost/myindex [运行时间：0.014613s][吞吐率：68.43req/s] [内存消耗：1,304.47kb] [文件加载：45]
[ info ] [ LANG ] E:\phpStudy\PHPTutorial\WWW\tp5.0\thinkphp\lang\zh-cn.php
[ info ] [ ROUTE ] array (
  'type' => 'module',
  'module' => 
  array (
    0 => 'test',
    1 => 'Mysqldb',
    2 => 'myIndex',
  ),
  'convert' => false,
)
[ info ] [ HEADER ] array (
  'cookie' => 'pgv_pvi=8334624768; Phpstorm-d94e29df=3e57be35-439d-4c88-96f0-17e535265bc9; PHPSESSID=d34rjm45dr1sj3qm4javiu9on3',
  'accept-language' => 'zh-CN,zh;q=0.9',
  'accept-encoding' => 'gzip, deflate, br',
  'referer' => 'http://localhost/csrf',
  'accept' => 'text/html,application/xhtml+xml,application/xml;q=0.9,image/webp,image/apng,*/*;q=0.8',
  'user-agent' => 'Mozilla/5.0 (Windows NT 10.0; WOW64) AppleWebKit/537.36 (KHTML, like Gecko) Chrome/64.0.3282.167 Safari/537.36',
  'upgrade-insecure-requests' => '1',
  'connection' => 'keep-alive',
  'host' => 'localhost',
  'content-length' => '',
  'content-type' => '',
)
[ info ] [ PARAM ] array (
)
[ info ] [ RUN ] app\test\controller\Mysqldb->myIndex[ E:\phpStudy\PHPTutorial\WWW\tp5.0\application\test\controller\Mysqldb.php ]
[ info ] [ VIEW ] E:\phpStudy\PHPTutorial\WWW\tp5.0\public/../application/test\view\mysqldb\index.php [ array (
) ]
[ info ] [ LOG ] INIT File
