---------------------------------------------------------------
[ 2018-03-09T14:17:53+08:00 ] 127.0.0.1 GET /studySystem/lookUserSchool
[ info ] localhost/studySystem/lookUserSchool [运行时间：0.741728s][吞吐率：1.35req/s] [内存消耗：2,229.20kb] [文件加载：53]
[ info ] [ LANG ] E:\phpStudy\PHPTutorial\WWW\tp5.0\thinkphp\lang\zh-cn.php
[ info ] [ ROUTE ] array (
  'type' => 'module',
  'module' => 
  array (
    0 => 'studySystem',
    1 => 'Index',
    2 => 'lookUserSchool',
  ),
  'convert' => false,
)
[ info ] [ HEADER ] array (
  'cookie' => 'pgv_pvi=8334624768; Phpstorm-d94e29df=3e57be35-439d-4c88-96f0-17e535265bc9; PHPSESSID=sibpb7bp09eqvct3nqraoq5sf5',
  'accept-language' => 'zh-CN,zh;q=0.9',
  'accept-encoding' => 'gzip, deflate, br',
  'referer' => 'http://localhost/static/studySystem/left.html',
  'accept' => 'text/html,application/xhtml+xml,application/xml;q=0.9,image/webp,image/apng,*/*;q=0.8',
  'user-agent' => 'Mozilla/5.0 (Windows NT 10.0; WOW64) AppleWebKit/537.36 (KHTML, like Gecko) Chrome/64.0.3282.186 Safari/537.36',
  'upgrade-insecure-requests' => '1',
  'connection' => 'keep-alive',
  'host' => 'localhost',
  'content-length' => '',
  'content-type' => '',
)
[ info ] [ PARAM ] array (
)
[ info ] [ RUN ] app\studySystem\controller\Index->lookUserSchool[ E:\phpStudy\PHPTutorial\WWW\tp5.0\application\studySystem\controller\Index.php ]
[ info ] [ VIEW ] E:\phpStudy\PHPTutorial\WWW\tp5.0\public/../application/studysystem\view\index\lookUserSchool.php [ array (
) ]
[ info ] [ DB ] INIT mysql
[ info ] [ LOG ] INIT File
[ sql ] [ DB ] CONNECT:[ UseTime:0.002294s ] mysql:host=127.0.0.1;dbname=test;charset=utf8
[ sql ] [ SQL ] select * from userdata where uid = "14" [ RunTime:0.001681s ]
---------------------------------------------------------------
[ 2018-03-09T14:17:53+08:00 ] 127.0.0.1 GET /studySystem/lookUserSchool
[ info ] localhost/studySystem/lookUserSchool [运行时间：0.023297s][吞吐率：42.92req/s] [内存消耗：2,229.21kb] [文件加载：53]
[ info ] [ LANG ] E:\phpStudy\PHPTutorial\WWW\tp5.0\thinkphp\lang\zh-cn.php
[ info ] [ ROUTE ] array (
  'type' => 'module',
  'module' => 
  array (
    0 => 'studySystem',
    1 => 'Index',
    2 => 'lookUserSchool',
  ),
  'convert' => false,
)
[ info ] [ HEADER ] array (
  'cookie' => 'pgv_pvi=8334624768; Phpstorm-d94e29df=3e57be35-439d-4c88-96f0-17e535265bc9; PHPSESSID=sibpb7bp09eqvct3nqraoq5sf5',
  'accept-language' => 'zh-CN,zh;q=0.9',
  'accept-encoding' => 'gzip, deflate, br',
  'referer' => 'http://localhost/static/studySystem/left.html',
  'accept' => 'text/html,application/xhtml+xml,application/xml;q=0.9,image/webp,image/apng,*/*;q=0.8',
  'user-agent' => 'Mozilla/5.0 (Windows NT 10.0; WOW64) AppleWebKit/537.36 (KHTML, like Gecko) Chrome/64.0.3282.186 Safari/537.36',
  'upgrade-insecure-requests' => '1',
  'connection' => 'keep-alive',
  'host' => 'localhost',
  'content-length' => '',
  'content-type' => '',
)
[ info ] [ PARAM ] array (
)
[ info ] [ RUN ] app\studySystem\controller\Index->lookUserSchool[ E:\phpStudy\PHPTutorial\WWW\tp5.0\application\studySystem\controller\Index.php ]
[ info ] [ VIEW ] E:\phpStudy\PHPTutorial\WWW\tp5.0\public/../application/studysystem\view\index\lookUserSchool.php [ array (
) ]
[ info ] [ DB ] INIT mysql
[ info ] [ LOG ] INIT File
[ sql ] [ DB ] CONNECT:[ UseTime:0.001055s ] mysql:host=127.0.0.1;dbname=test;charset=utf8
[ sql ] [ SQL ] select * from userdata where uid = "14" [ RunTime:0.000605s ]
---------------------------------------------------------------
[ 2018-03-09T14:17:54+08:00 ] 127.0.0.1 POST /studySystem/editUserSchool
[ info ] localhost/studySystem/editUserSchool [运行时间：0.028077s][吞吐率：35.62req/s] [内存消耗：1,365.80kb] [文件加载：44]
[ info ] [ LANG ] E:\phpStudy\PHPTutorial\WWW\tp5.0\thinkphp\lang\zh-cn.php
[ info ] [ ROUTE ] array (
  'type' => 'module',
  'module' => 
  array (
    0 => 'studySystem',
    1 => 'Index',
    2 => 'editUserSchool',
  ),
  'convert' => false,
)
[ info ] [ HEADER ] array (
  'cookie' => 'pgv_pvi=8334624768; Phpstorm-d94e29df=3e57be35-439d-4c88-96f0-17e535265bc9; PHPSESSID=sibpb7bp09eqvct3nqraoq5sf5',
  'accept-language' => 'zh-CN,zh;q=0.9',
  'accept-encoding' => 'gzip, deflate, br',
  'referer' => 'http://localhost/studySystem/lookUserSchool',
  'accept' => 'text/html,application/xhtml+xml,application/xml;q=0.9,image/webp,image/apng,*/*;q=0.8',
  'user-agent' => 'Mozilla/5.0 (Windows NT 10.0; WOW64) AppleWebKit/537.36 (KHTML, like Gecko) Chrome/64.0.3282.186 Safari/537.36',
  'content-type' => 'application/x-www-form-urlencoded',
  'upgrade-insecure-requests' => '1',
  'origin' => 'http://localhost',
  'cache-control' => 'max-age=0',
  'content-length' => '0',
  'connection' => 'keep-alive',
  'host' => 'localhost',
)
[ info ] [ PARAM ] array (
)
[ info ] [ RUN ] app\studySystem\controller\Index->editUserSchool[ E:\phpStudy\PHPTutorial\WWW\tp5.0\application\studySystem\controller\Index.php ]
[ info ] [ VIEW ] E:\phpStudy\PHPTutorial\WWW\tp5.0\public/../application/studysystem\view\index\editUserSchool.php [ array (
) ]
[ info ] [ LOG ] INIT File
---------------------------------------------------------------
[ 2018-03-09T14:17:54+08:00 ] 127.0.0.1 GET /studySystem/down-arrow.png
[ info ] localhost/studySystem/down-arrow.png [运行时间：0.080756s][吞吐率：12.38req/s] [内存消耗：1,138.93kb] [文件加载：39]
[ info ] [ LANG ] E:\phpStudy\PHPTutorial\WWW\tp5.0\thinkphp\lang\zh-cn.php
[ info ] [ ROUTE ] array (
  'type' => 'module',
  'module' => 
  array (
    0 => 'studySystem',
    1 => 'down-arrow.png',
    2 => NULL,
  ),
)
[ info ] [ HEADER ] array (
  'cookie' => 'pgv_pvi=8334624768; Phpstorm-d94e29df=3e57be35-439d-4c88-96f0-17e535265bc9; PHPSESSID=sibpb7bp09eqvct3nqraoq5sf5',
  'accept-language' => 'zh-CN,zh;q=0.9',
  'accept-encoding' => 'gzip, deflate, br',
  'referer' => 'http://localhost/studySystem/editUserSchool',
  'accept' => 'image/webp,image/apng,image/*,*/*;q=0.8',
  'user-agent' => 'Mozilla/5.0 (Windows NT 10.0; WOW64) AppleWebKit/537.36 (KHTML, like Gecko) Chrome/64.0.3282.186 Safari/537.36',
  'connection' => 'keep-alive',
  'host' => 'localhost',
  'content-length' => '',
  'content-type' => '',
)
[ info ] [ PARAM ] array (
)
[ info ] [ LOG ] INIT File
---------------------------------------------------------------
[ 2018-03-09T14:17:55+08:00 ] 127.0.0.1 POST /studySystem/lookUserSchool
[ info ] localhost/studySystem/lookUserSchool [运行时间：0.022661s][吞吐率：44.13req/s] [内存消耗：2,229.95kb] [文件加载：53]
[ info ] [ LANG ] E:\phpStudy\PHPTutorial\WWW\tp5.0\thinkphp\lang\zh-cn.php
[ info ] [ ROUTE ] array (
  'type' => 'module',
  'module' => 
  array (
    0 => 'studySystem',
    1 => 'Index',
    2 => 'lookUserSchool',
  ),
  'convert' => false,
)
[ info ] [ HEADER ] array (
  'cookie' => 'pgv_pvi=8334624768; Phpstorm-d94e29df=3e57be35-439d-4c88-96f0-17e535265bc9; PHPSESSID=sibpb7bp09eqvct3nqraoq5sf5',
  'accept-language' => 'zh-CN,zh;q=0.9',
  'accept-encoding' => 'gzip, deflate, br',
  'referer' => 'http://localhost/studySystem/editUserSchool',
  'accept' => 'text/html,application/xhtml+xml,application/xml;q=0.9,image/webp,image/apng,*/*;q=0.8',
  'user-agent' => 'Mozilla/5.0 (Windows NT 10.0; WOW64) AppleWebKit/537.36 (KHTML, like Gecko) Chrome/64.0.3282.186 Safari/537.36',
  'content-type' => 'application/x-www-form-urlencoded',
  'upgrade-insecure-requests' => '1',
  'origin' => 'http://localhost',
  'cache-control' => 'max-age=0',
  'content-length' => '0',
  'connection' => 'keep-alive',
  'host' => 'localhost',
)
[ info ] [ PARAM ] array (
)
[ info ] [ RUN ] app\studySystem\controller\Index->lookUserSchool[ E:\phpStudy\PHPTutorial\WWW\tp5.0\application\studySystem\controller\Index.php ]
[ info ] [ VIEW ] E:\phpStudy\PHPTutorial\WWW\tp5.0\public/../application/studysystem\view\index\lookUserSchool.php [ array (
) ]
[ info ] [ DB ] INIT mysql
[ info ] [ LOG ] INIT File
[ sql ] [ DB ] CONNECT:[ UseTime:0.000737s ] mysql:host=127.0.0.1;dbname=test;charset=utf8
[ sql ] [ SQL ] select * from userdata where uid = "14" [ RunTime:0.000323s ]
