---------------------------------------------------------------
[ 2018-03-22T09:23:10+08:00 ] 127.0.0.1 GET /uploads
[ info ] localhost/uploads [运行时间：0.505820s][吞吐率：1.98req/s] [内存消耗：1,388.29kb] [文件加载：46]
[ info ] [ LANG ] E:\phpStudy\PHPTutorial\WWW\tp5.0\thinkphp\lang\zh-cn.php
[ info ] [ ROUTE ] array (
  'type' => 'module',
  'module' => 
  array (
    0 => 'test',
    1 => 'Uploads',
    2 => 'index',
  ),
  'convert' => false,
)
[ info ] [ HEADER ] array (
  'cookie' => 'pgv_pvi=8334624768; Phpstorm-d94e29df=3e57be35-439d-4c88-96f0-17e535265bc9; PHPSESSID=bf5d0jbe6m2qcue5ak7h02ers3',
  'accept-language' => 'zh-CN,zh;q=0.9',
  'accept-encoding' => 'gzip, deflate, br',
  'referer' => 'http://localhost/test/uploads/up.html',
  'accept' => 'text/html,application/xhtml+xml,application/xml;q=0.9,image/webp,image/apng,*/*;q=0.8',
  'user-agent' => 'Mozilla/5.0 (Windows NT 10.0; WOW64) AppleWebKit/537.36 (KHTML, like Gecko) Chrome/64.0.3282.186 Safari/537.36',
  'upgrade-insecure-requests' => '1',
  'cache-control' => 'max-age=0',
  'connection' => 'keep-alive',
  'host' => 'localhost',
  'content-length' => '',
  'content-type' => '',
)
[ info ] [ PARAM ] array (
)
[ info ] [ RUN ] app\test\controller\Uploads->index[ E:\phpStudy\PHPTutorial\WWW\tp5.0\application\test\controller\Uploads.php ]
[ info ] [ VIEW ] E:\phpStudy\PHPTutorial\WWW\tp5.0\public/../application/test\view\uploads\index.php [ array (
) ]
[ info ] [ LOG ] INIT File
---------------------------------------------------------------
[ 2018-03-22T09:23:24+08:00 ] 127.0.0.1 POST /test/uploads/up.html
[ info ] localhost/test/uploads/up.html [运行时间：0.092805s][吞吐率：10.78req/s] [内存消耗：1,380.84kb] [文件加载：48]
[ info ] [ LANG ] E:\phpStudy\PHPTutorial\WWW\tp5.0\thinkphp\lang\zh-cn.php
[ info ] [ ROUTE ] array (
  'type' => 'module',
  'module' => 
  array (
    0 => 'test',
    1 => 'uploads',
    2 => 'up',
  ),
)
[ info ] [ HEADER ] array (
  'cookie' => 'pgv_pvi=8334624768; Phpstorm-d94e29df=3e57be35-439d-4c88-96f0-17e535265bc9; PHPSESSID=bf5d0jbe6m2qcue5ak7h02ers3',
  'accept-language' => 'zh-CN,zh;q=0.9',
  'accept-encoding' => 'gzip, deflate, br',
  'referer' => 'http://localhost/uploads',
  'accept' => 'text/html,application/xhtml+xml,application/xml;q=0.9,image/webp,image/apng,*/*;q=0.8',
  'user-agent' => 'Mozilla/5.0 (Windows NT 10.0; WOW64) AppleWebKit/537.36 (KHTML, like Gecko) Chrome/64.0.3282.186 Safari/537.36',
  'content-type' => 'multipart/form-data; boundary=----WebKitFormBoundaryv9ZAA7K7S9Sb62sQ',
  'upgrade-insecure-requests' => '1',
  'origin' => 'http://localhost',
  'cache-control' => 'max-age=0',
  'content-length' => '5221129',
  'connection' => 'keep-alive',
  'host' => 'localhost',
)
[ info ] [ PARAM ] array (
)
[ info ] [ RUN ] app\test\controller\Uploads->up[ E:\phpStudy\PHPTutorial\WWW\tp5.0\application\test\controller\Uploads.php ]
[ info ] [ LOG ] INIT File
[ error ] [1]Function name must be a string[E:\phpStudy\PHPTutorial\WWW\tp5.0\application\test\controller\Uploads.php:15]
---------------------------------------------------------------
[ 2018-03-22T09:24:14+08:00 ] 127.0.0.1 POST /test/uploads/up.html
[ info ] localhost/test/uploads/up.html [运行时间：0.017865s][吞吐率：55.98req/s] [内存消耗：1,380.87kb] [文件加载：48]
[ info ] [ LANG ] E:\phpStudy\PHPTutorial\WWW\tp5.0\thinkphp\lang\zh-cn.php
[ info ] [ ROUTE ] array (
  'type' => 'module',
  'module' => 
  array (
    0 => 'test',
    1 => 'uploads',
    2 => 'up',
  ),
)
[ info ] [ HEADER ] array (
  'cookie' => 'pgv_pvi=8334624768; Phpstorm-d94e29df=3e57be35-439d-4c88-96f0-17e535265bc9; PHPSESSID=bf5d0jbe6m2qcue5ak7h02ers3',
  'accept-language' => 'zh-CN,zh;q=0.9',
  'accept-encoding' => 'gzip, deflate, br',
  'referer' => 'http://localhost/uploads',
  'accept' => 'text/html,application/xhtml+xml,application/xml;q=0.9,image/webp,image/apng,*/*;q=0.8',
  'content-type' => 'multipart/form-data; boundary=----WebKitFormBoundaryv9ZAA7K7S9Sb62sQ',
  'origin' => 'http://localhost',
  'user-agent' => 'Mozilla/5.0 (Windows NT 10.0; WOW64) AppleWebKit/537.36 (KHTML, like Gecko) Chrome/64.0.3282.186 Safari/537.36',
  'upgrade-insecure-requests' => '1',
  'cache-control' => 'max-age=0',
  'content-length' => '5221129',
  'connection' => 'keep-alive',
  'host' => 'localhost',
)
[ info ] [ PARAM ] array (
)
[ info ] [ RUN ] app\test\controller\Uploads->up[ E:\phpStudy\PHPTutorial\WWW\tp5.0\application\test\controller\Uploads.php ]
[ info ] [ LOG ] INIT File
[ error ] [1]Call to a member function move() on array[E:\phpStudy\PHPTutorial\WWW\tp5.0\application\test\controller\Uploads.php:23]
---------------------------------------------------------------
[ 2018-03-22T09:24:39+08:00 ] 127.0.0.1 POST /test/uploads/up.html
[ info ] localhost/test/uploads/up.html [运行时间：0.020554s][吞吐率：48.65req/s] [内存消耗：1,380.83kb] [文件加载：48]
[ info ] [ LANG ] E:\phpStudy\PHPTutorial\WWW\tp5.0\thinkphp\lang\zh-cn.php
[ info ] [ ROUTE ] array (
  'type' => 'module',
  'module' => 
  array (
    0 => 'test',
    1 => 'uploads',
    2 => 'up',
  ),
)
[ info ] [ HEADER ] array (
  'cookie' => 'pgv_pvi=8334624768; Phpstorm-d94e29df=3e57be35-439d-4c88-96f0-17e535265bc9; PHPSESSID=bf5d0jbe6m2qcue5ak7h02ers3',
  'accept-language' => 'zh-CN,zh;q=0.9',
  'accept-encoding' => 'gzip, deflate, br',
  'referer' => 'http://localhost/uploads',
  'accept' => 'text/html,application/xhtml+xml,application/xml;q=0.9,image/webp,image/apng,*/*;q=0.8',
  'user-agent' => 'Mozilla/5.0 (Windows NT 10.0; WOW64) AppleWebKit/537.36 (KHTML, like Gecko) Chrome/64.0.3282.186 Safari/537.36',
  'content-type' => 'multipart/form-data; boundary=----WebKitFormBoundarySTFrPA8FJBidHn31',
  'upgrade-insecure-requests' => '1',
  'origin' => 'http://localhost',
  'cache-control' => 'max-age=0',
  'content-length' => '5221129',
  'connection' => 'keep-alive',
  'host' => 'localhost',
)
[ info ] [ PARAM ] array (
)
[ info ] [ RUN ] app\test\controller\Uploads->up[ E:\phpStudy\PHPTutorial\WWW\tp5.0\application\test\controller\Uploads.php ]
[ info ] [ LOG ] INIT File
[ error ] [1]Call to a member function move() on array[E:\phpStudy\PHPTutorial\WWW\tp5.0\application\test\controller\Uploads.php:23]
---------------------------------------------------------------
[ 2018-03-22T09:27:13+08:00 ] 127.0.0.1 POST /test/uploads/up.html
[ info ] localhost/test/uploads/up.html [运行时间：0.023572s][吞吐率：42.42req/s] [内存消耗：1,380.88kb] [文件加载：48]
[ info ] [ LANG ] E:\phpStudy\PHPTutorial\WWW\tp5.0\thinkphp\lang\zh-cn.php
[ info ] [ ROUTE ] array (
  'type' => 'module',
  'module' => 
  array (
    0 => 'test',
    1 => 'uploads',
    2 => 'up',
  ),
)
[ info ] [ HEADER ] array (
  'cookie' => 'pgv_pvi=8334624768; Phpstorm-d94e29df=3e57be35-439d-4c88-96f0-17e535265bc9; PHPSESSID=bf5d0jbe6m2qcue5ak7h02ers3',
  'accept-language' => 'zh-CN,zh;q=0.9',
  'accept-encoding' => 'gzip, deflate, br',
  'referer' => 'http://localhost/uploads',
  'accept' => 'text/html,application/xhtml+xml,application/xml;q=0.9,image/webp,image/apng,*/*;q=0.8',
  'content-type' => 'multipart/form-data; boundary=----WebKitFormBoundarySTFrPA8FJBidHn31',
  'origin' => 'http://localhost',
  'user-agent' => 'Mozilla/5.0 (Windows NT 10.0; WOW64) AppleWebKit/537.36 (KHTML, like Gecko) Chrome/64.0.3282.186 Safari/537.36',
  'upgrade-insecure-requests' => '1',
  'cache-control' => 'max-age=0',
  'content-length' => '5221129',
  'connection' => 'keep-alive',
  'host' => 'localhost',
)
[ info ] [ PARAM ] array (
)
[ info ] [ RUN ] app\test\controller\Uploads->up[ E:\phpStudy\PHPTutorial\WWW\tp5.0\application\test\controller\Uploads.php ]
[ info ] [ LOG ] INIT File
[ error ] [1]Call to a member function move() on array[E:\phpStudy\PHPTutorial\WWW\tp5.0\application\test\controller\Uploads.php:23]
---------------------------------------------------------------
[ 2018-03-22T09:27:20+08:00 ] 127.0.0.1 GET /uploads
[ info ] localhost/uploads [运行时间：0.015960s][吞吐率：62.66req/s] [内存消耗：1,388.26kb] [文件加载：46]
[ info ] [ LANG ] E:\phpStudy\PHPTutorial\WWW\tp5.0\thinkphp\lang\zh-cn.php
[ info ] [ ROUTE ] array (
  'type' => 'module',
  'module' => 
  array (
    0 => 'test',
    1 => 'Uploads',
    2 => 'index',
  ),
  'convert' => false,
)
[ info ] [ HEADER ] array (
  'cookie' => 'pgv_pvi=8334624768; Phpstorm-d94e29df=3e57be35-439d-4c88-96f0-17e535265bc9; PHPSESSID=bf5d0jbe6m2qcue5ak7h02ers3',
  'accept-language' => 'zh-CN,zh;q=0.9',
  'accept-encoding' => 'gzip, deflate, br',
  'referer' => 'http://localhost/test/uploads/up.html',
  'accept' => 'text/html,application/xhtml+xml,application/xml;q=0.9,image/webp,image/apng,*/*;q=0.8',
  'user-agent' => 'Mozilla/5.0 (Windows NT 10.0; WOW64) AppleWebKit/537.36 (KHTML, like Gecko) Chrome/64.0.3282.186 Safari/537.36',
  'upgrade-insecure-requests' => '1',
  'cache-control' => 'max-age=0',
  'connection' => 'keep-alive',
  'host' => 'localhost',
  'content-length' => '',
  'content-type' => '',
)
[ info ] [ PARAM ] array (
)
[ info ] [ RUN ] app\test\controller\Uploads->index[ E:\phpStudy\PHPTutorial\WWW\tp5.0\application\test\controller\Uploads.php ]
[ info ] [ VIEW ] E:\phpStudy\PHPTutorial\WWW\tp5.0\public/../application/test\view\uploads\index.php [ array (
) ]
[ info ] [ LOG ] INIT File
---------------------------------------------------------------
[ 2018-03-22T09:27:30+08:00 ] 127.0.0.1 GET /uploads
[ info ] localhost/uploads [运行时间：0.017620s][吞吐率：56.75req/s] [内存消耗：1,387.62kb] [文件加载：46]
[ info ] [ LANG ] E:\phpStudy\PHPTutorial\WWW\tp5.0\thinkphp\lang\zh-cn.php
[ info ] [ ROUTE ] array (
  'type' => 'module',
  'module' => 
  array (
    0 => 'test',
    1 => 'Uploads',
    2 => 'index',
  ),
  'convert' => false,
)
[ info ] [ HEADER ] array (
  'cookie' => 'pgv_pvi=8334624768; Phpstorm-d94e29df=3e57be35-439d-4c88-96f0-17e535265bc9; PHPSESSID=bf5d0jbe6m2qcue5ak7h02ers3',
  'accept-language' => 'zh-CN,zh;q=0.9',
  'accept-encoding' => 'gzip, deflate, br',
  'accept' => 'text/html,application/xhtml+xml,application/xml;q=0.9,image/webp,image/apng,*/*;q=0.8',
  'user-agent' => 'Mozilla/5.0 (Windows NT 10.0; WOW64) AppleWebKit/537.36 (KHTML, like Gecko) Chrome/64.0.3282.186 Safari/537.36',
  'upgrade-insecure-requests' => '1',
  'connection' => 'keep-alive',
  'host' => 'localhost',
  'content-length' => '',
  'content-type' => '',
)
[ info ] [ PARAM ] array (
)
[ info ] [ RUN ] app\test\controller\Uploads->index[ E:\phpStudy\PHPTutorial\WWW\tp5.0\application\test\controller\Uploads.php ]
[ info ] [ VIEW ] E:\phpStudy\PHPTutorial\WWW\tp5.0\public/../application/test\view\uploads\index.php [ array (
) ]
[ info ] [ LOG ] INIT File
---------------------------------------------------------------
[ 2018-03-22T10:53:20+08:00 ] 127.0.0.1 POST /test/uploads/up.html
[ info ] localhost/test/uploads/up.html [运行时间：0.642059s][吞吐率：1.56req/s] [内存消耗：1,380.85kb] [文件加载：48]
[ info ] [ LANG ] E:\phpStudy\PHPTutorial\WWW\tp5.0\thinkphp\lang\zh-cn.php
[ info ] [ ROUTE ] array (
  'type' => 'module',
  'module' => 
  array (
    0 => 'test',
    1 => 'uploads',
    2 => 'up',
  ),
)
[ info ] [ HEADER ] array (
  'cookie' => 'pgv_pvi=8334624768; Phpstorm-d94e29df=3e57be35-439d-4c88-96f0-17e535265bc9; PHPSESSID=bf5d0jbe6m2qcue5ak7h02ers3',
  'accept-language' => 'zh-CN,zh;q=0.9',
  'accept-encoding' => 'gzip, deflate, br',
  'referer' => 'http://localhost/uploads',
  'accept' => 'text/html,application/xhtml+xml,application/xml;q=0.9,image/webp,image/apng,*/*;q=0.8',
  'user-agent' => 'Mozilla/5.0 (Windows NT 10.0; WOW64) AppleWebKit/537.36 (KHTML, like Gecko) Chrome/64.0.3282.186 Safari/537.36',
  'content-type' => 'multipart/form-data; boundary=----WebKitFormBoundarydjRv9MjEPfvPg5mI',
  'upgrade-insecure-requests' => '1',
  'origin' => 'http://localhost',
  'cache-control' => 'max-age=0',
  'content-length' => '5221129',
  'connection' => 'keep-alive',
  'host' => 'localhost',
)
[ info ] [ PARAM ] array (
)
[ info ] [ RUN ] app\test\controller\Uploads->up[ E:\phpStudy\PHPTutorial\WWW\tp5.0\application\test\controller\Uploads.php ]
[ info ] [ LOG ] INIT File
[ error ] [1]Call to a member function move() on array[E:\phpStudy\PHPTutorial\WWW\tp5.0\application\test\controller\Uploads.php:23]
---------------------------------------------------------------
[ 2018-03-22T10:53:27+08:00 ] 127.0.0.1 POST /test/uploads/up.html
[ info ] localhost/test/uploads/up.html [运行时间：0.018057s][吞吐率：55.38req/s] [内存消耗：1,380.90kb] [文件加载：48]
[ info ] [ LANG ] E:\phpStudy\PHPTutorial\WWW\tp5.0\thinkphp\lang\zh-cn.php
[ info ] [ ROUTE ] array (
  'type' => 'module',
  'module' => 
  array (
    0 => 'test',
    1 => 'uploads',
    2 => 'up',
  ),
)
[ info ] [ HEADER ] array (
  'cookie' => 'pgv_pvi=8334624768; Phpstorm-d94e29df=3e57be35-439d-4c88-96f0-17e535265bc9; PHPSESSID=bf5d0jbe6m2qcue5ak7h02ers3',
  'accept-language' => 'zh-CN,zh;q=0.9',
  'accept-encoding' => 'gzip, deflate, br',
  'referer' => 'http://localhost/uploads',
  'accept' => 'text/html,application/xhtml+xml,application/xml;q=0.9,image/webp,image/apng,*/*;q=0.8',
  'user-agent' => 'Mozilla/5.0 (Windows NT 10.0; WOW64) AppleWebKit/537.36 (KHTML, like Gecko) Chrome/64.0.3282.186 Safari/537.36',
  'content-type' => 'multipart/form-data; boundary=----WebKitFormBoundary4DCk1gJKVbfZyY8S',
  'upgrade-insecure-requests' => '1',
  'origin' => 'http://localhost',
  'cache-control' => 'max-age=0',
  'content-length' => '84028',
  'connection' => 'keep-alive',
  'host' => 'localhost',
)
[ info ] [ PARAM ] array (
)
[ info ] [ RUN ] app\test\controller\Uploads->up[ E:\phpStudy\PHPTutorial\WWW\tp5.0\application\test\controller\Uploads.php ]
[ info ] [ LOG ] INIT File
[ error ] [1]Call to a member function move() on array[E:\phpStudy\PHPTutorial\WWW\tp5.0\application\test\controller\Uploads.php:23]
---------------------------------------------------------------
[ 2018-03-22T10:53:42+08:00 ] 127.0.0.1 POST /test/uploads/up.html
[ info ] localhost/test/uploads/up.html [运行时间：0.051022s][吞吐率：19.60req/s] [内存消耗：1,403.65kb] [文件加载：47]
[ info ] [ LANG ] E:\phpStudy\PHPTutorial\WWW\tp5.0\thinkphp\lang\zh-cn.php
[ info ] [ ROUTE ] array (
  'type' => 'module',
  'module' => 
  array (
    0 => 'test',
    1 => 'uploads',
    2 => 'up',
  ),
)
[ info ] [ HEADER ] array (
  'cookie' => 'pgv_pvi=8334624768; Phpstorm-d94e29df=3e57be35-439d-4c88-96f0-17e535265bc9; PHPSESSID=bf5d0jbe6m2qcue5ak7h02ers3',
  'accept-language' => 'zh-CN,zh;q=0.9',
  'accept-encoding' => 'gzip, deflate, br',
  'referer' => 'http://localhost/uploads',
  'accept' => 'text/html,application/xhtml+xml,application/xml;q=0.9,image/webp,image/apng,*/*;q=0.8',
  'user-agent' => 'Mozilla/5.0 (Windows NT 10.0; WOW64) AppleWebKit/537.36 (KHTML, like Gecko) Chrome/64.0.3282.186 Safari/537.36',
  'content-type' => 'multipart/form-data; boundary=----WebKitFormBoundaryV9f1j7AQySzyTagC',
  'upgrade-insecure-requests' => '1',
  'origin' => 'http://localhost',
  'cache-control' => 'max-age=0',
  'content-length' => '84028',
  'connection' => 'keep-alive',
  'host' => 'localhost',
)
[ info ] [ PARAM ] array (
)
[ info ] [ RUN ] app\test\controller\Uploads->up[ E:\phpStudy\PHPTutorial\WWW\tp5.0\application\test\controller\Uploads.php ]
[ info ] [ VIEW ] E:\phpStudy\PHPTutorial\WWW\tp5.0\thinkphp\tpl\dispatch_jump.tpl [ array (
  0 => 'code',
  1 => 'msg',
  2 => 'data',
  3 => 'url',
  4 => 'wait',
) ]
[ info ] [ LOG ] INIT File
---------------------------------------------------------------
[ 2018-03-22T10:53:45+08:00 ] 127.0.0.1 GET /uploads
[ info ] localhost/uploads [运行时间：0.032006s][吞吐率：31.24req/s] [内存消耗：1,388.05kb] [文件加载：46]
[ info ] [ LANG ] E:\phpStudy\PHPTutorial\WWW\tp5.0\thinkphp\lang\zh-cn.php
[ info ] [ ROUTE ] array (
  'type' => 'module',
  'module' => 
  array (
    0 => 'test',
    1 => 'Uploads',
    2 => 'index',
  ),
  'convert' => false,
)
[ info ] [ HEADER ] array (
  'cookie' => 'pgv_pvi=8334624768; Phpstorm-d94e29df=3e57be35-439d-4c88-96f0-17e535265bc9; PHPSESSID=bf5d0jbe6m2qcue5ak7h02ers3',
  'accept-language' => 'zh-CN,zh;q=0.9',
  'accept-encoding' => 'gzip, deflate, br',
  'referer' => 'http://localhost/test/uploads/up.html',
  'accept' => 'text/html,application/xhtml+xml,application/xml;q=0.9,image/webp,image/apng,*/*;q=0.8',
  'user-agent' => 'Mozilla/5.0 (Windows NT 10.0; WOW64) AppleWebKit/537.36 (KHTML, like Gecko) Chrome/64.0.3282.186 Safari/537.36',
  'upgrade-insecure-requests' => '1',
  'connection' => 'keep-alive',
  'host' => 'localhost',
  'content-length' => '',
  'content-type' => '',
)
[ info ] [ PARAM ] array (
)
[ info ] [ RUN ] app\test\controller\Uploads->index[ E:\phpStudy\PHPTutorial\WWW\tp5.0\application\test\controller\Uploads.php ]
[ info ] [ VIEW ] E:\phpStudy\PHPTutorial\WWW\tp5.0\public/../application/test\view\uploads\index.php [ array (
) ]
[ info ] [ LOG ] INIT File
---------------------------------------------------------------
[ 2018-03-22T10:53:45+08:00 ] 127.0.0.1 GET /uploads
[ info ] localhost/uploads [运行时间：0.016007s][吞吐率：62.47req/s] [内存消耗：1,388.05kb] [文件加载：46]
[ info ] [ LANG ] E:\phpStudy\PHPTutorial\WWW\tp5.0\thinkphp\lang\zh-cn.php
[ info ] [ ROUTE ] array (
  'type' => 'module',
  'module' => 
  array (
    0 => 'test',
    1 => 'Uploads',
    2 => 'index',
  ),
  'convert' => false,
)
[ info ] [ HEADER ] array (
  'cookie' => 'pgv_pvi=8334624768; Phpstorm-d94e29df=3e57be35-439d-4c88-96f0-17e535265bc9; PHPSESSID=bf5d0jbe6m2qcue5ak7h02ers3',
  'accept-language' => 'zh-CN,zh;q=0.9',
  'accept-encoding' => 'gzip, deflate, br',
  'referer' => 'http://localhost/test/uploads/up.html',
  'accept' => 'text/html,application/xhtml+xml,application/xml;q=0.9,image/webp,image/apng,*/*;q=0.8',
  'user-agent' => 'Mozilla/5.0 (Windows NT 10.0; WOW64) AppleWebKit/537.36 (KHTML, like Gecko) Chrome/64.0.3282.186 Safari/537.36',
  'upgrade-insecure-requests' => '1',
  'connection' => 'keep-alive',
  'host' => 'localhost',
  'content-length' => '',
  'content-type' => '',
)
[ info ] [ PARAM ] array (
)
[ info ] [ RUN ] app\test\controller\Uploads->index[ E:\phpStudy\PHPTutorial\WWW\tp5.0\application\test\controller\Uploads.php ]
[ info ] [ VIEW ] E:\phpStudy\PHPTutorial\WWW\tp5.0\public/../application/test\view\uploads\index.php [ array (
) ]
[ info ] [ LOG ] INIT File
---------------------------------------------------------------
[ 2018-03-22T10:53:50+08:00 ] 127.0.0.1 POST /test/uploads/up.html
[ info ] localhost/test/uploads/up.html [运行时间：0.024943s][吞吐率：40.09req/s] [内存消耗：1,403.61kb] [文件加载：47]
[ info ] [ LANG ] E:\phpStudy\PHPTutorial\WWW\tp5.0\thinkphp\lang\zh-cn.php
[ info ] [ ROUTE ] array (
  'type' => 'module',
  'module' => 
  array (
    0 => 'test',
    1 => 'uploads',
    2 => 'up',
  ),
)
[ info ] [ HEADER ] array (
  'cookie' => 'pgv_pvi=8334624768; Phpstorm-d94e29df=3e57be35-439d-4c88-96f0-17e535265bc9; PHPSESSID=bf5d0jbe6m2qcue5ak7h02ers3',
  'accept-language' => 'zh-CN,zh;q=0.9',
  'accept-encoding' => 'gzip, deflate, br',
  'referer' => 'http://localhost/uploads',
  'accept' => 'text/html,application/xhtml+xml,application/xml;q=0.9,image/webp,image/apng,*/*;q=0.8',
  'user-agent' => 'Mozilla/5.0 (Windows NT 10.0; WOW64) AppleWebKit/537.36 (KHTML, like Gecko) Chrome/64.0.3282.186 Safari/537.36',
  'content-type' => 'multipart/form-data; boundary=----WebKitFormBoundaryAeUOBptDAhY0EYhP',
  'upgrade-insecure-requests' => '1',
  'origin' => 'http://localhost',
  'cache-control' => 'max-age=0',
  'content-length' => '5221129',
  'connection' => 'keep-alive',
  'host' => 'localhost',
)
[ info ] [ PARAM ] array (
)
[ info ] [ RUN ] app\test\controller\Uploads->up[ E:\phpStudy\PHPTutorial\WWW\tp5.0\application\test\controller\Uploads.php ]
[ info ] [ VIEW ] E:\phpStudy\PHPTutorial\WWW\tp5.0\thinkphp\tpl\dispatch_jump.tpl [ array (
  0 => 'code',
  1 => 'msg',
  2 => 'data',
  3 => 'url',
  4 => 'wait',
) ]
[ info ] [ LOG ] INIT File
---------------------------------------------------------------
[ 2018-03-22T10:53:53+08:00 ] 127.0.0.1 GET /uploads
[ info ] localhost/uploads [运行时间：0.033896s][吞吐率：29.50req/s] [内存消耗：1,388.05kb] [文件加载：46]
[ info ] [ LANG ] E:\phpStudy\PHPTutorial\WWW\tp5.0\thinkphp\lang\zh-cn.php
[ info ] [ ROUTE ] array (
  'type' => 'module',
  'module' => 
  array (
    0 => 'test',
    1 => 'Uploads',
    2 => 'index',
  ),
  'convert' => false,
)
[ info ] [ HEADER ] array (
  'cookie' => 'pgv_pvi=8334624768; Phpstorm-d94e29df=3e57be35-439d-4c88-96f0-17e535265bc9; PHPSESSID=bf5d0jbe6m2qcue5ak7h02ers3',
  'accept-language' => 'zh-CN,zh;q=0.9',
  'accept-encoding' => 'gzip, deflate, br',
  'referer' => 'http://localhost/test/uploads/up.html',
  'accept' => 'text/html,application/xhtml+xml,application/xml;q=0.9,image/webp,image/apng,*/*;q=0.8',
  'user-agent' => 'Mozilla/5.0 (Windows NT 10.0; WOW64) AppleWebKit/537.36 (KHTML, like Gecko) Chrome/64.0.3282.186 Safari/537.36',
  'upgrade-insecure-requests' => '1',
  'connection' => 'keep-alive',
  'host' => 'localhost',
  'content-length' => '',
  'content-type' => '',
)
[ info ] [ PARAM ] array (
)
[ info ] [ RUN ] app\test\controller\Uploads->index[ E:\phpStudy\PHPTutorial\WWW\tp5.0\application\test\controller\Uploads.php ]
[ info ] [ VIEW ] E:\phpStudy\PHPTutorial\WWW\tp5.0\public/../application/test\view\uploads\index.php [ array (
) ]
[ info ] [ LOG ] INIT File
---------------------------------------------------------------
[ 2018-03-22T10:54:08+08:00 ] 127.0.0.1 POST /test/uploads/up.html
[ info ] localhost/test/uploads/up.html [运行时间：0.019159s][吞吐率：52.19req/s] [内存消耗：1,403.65kb] [文件加载：47]
[ info ] [ LANG ] E:\phpStudy\PHPTutorial\WWW\tp5.0\thinkphp\lang\zh-cn.php
[ info ] [ ROUTE ] array (
  'type' => 'module',
  'module' => 
  array (
    0 => 'test',
    1 => 'uploads',
    2 => 'up',
  ),
)
[ info ] [ HEADER ] array (
  'cookie' => 'pgv_pvi=8334624768; Phpstorm-d94e29df=3e57be35-439d-4c88-96f0-17e535265bc9; PHPSESSID=bf5d0jbe6m2qcue5ak7h02ers3',
  'accept-language' => 'zh-CN,zh;q=0.9',
  'accept-encoding' => 'gzip, deflate, br',
  'referer' => 'http://localhost/uploads',
  'accept' => 'text/html,application/xhtml+xml,application/xml;q=0.9,image/webp,image/apng,*/*;q=0.8',
  'user-agent' => 'Mozilla/5.0 (Windows NT 10.0; WOW64) AppleWebKit/537.36 (KHTML, like Gecko) Chrome/64.0.3282.186 Safari/537.36',
  'content-type' => 'multipart/form-data; boundary=----WebKitFormBoundarymH7ZjPQbpsYDQhU5',
  'upgrade-insecure-requests' => '1',
  'origin' => 'http://localhost',
  'cache-control' => 'max-age=0',
  'content-length' => '84028',
  'connection' => 'keep-alive',
  'host' => 'localhost',
)
[ info ] [ PARAM ] array (
)
[ info ] [ RUN ] app\test\controller\Uploads->up[ E:\phpStudy\PHPTutorial\WWW\tp5.0\application\test\controller\Uploads.php ]
[ info ] [ VIEW ] E:\phpStudy\PHPTutorial\WWW\tp5.0\thinkphp\tpl\dispatch_jump.tpl [ array (
  0 => 'code',
  1 => 'msg',
  2 => 'data',
  3 => 'url',
  4 => 'wait',
) ]
[ info ] [ LOG ] INIT File
---------------------------------------------------------------
[ 2018-03-22T10:54:11+08:00 ] 127.0.0.1 GET /uploads
[ info ] localhost/uploads [运行时间：0.016327s][吞吐率：61.25req/s] [内存消耗：1,388.05kb] [文件加载：46]
[ info ] [ LANG ] E:\phpStudy\PHPTutorial\WWW\tp5.0\thinkphp\lang\zh-cn.php
[ info ] [ ROUTE ] array (
  'type' => 'module',
  'module' => 
  array (
    0 => 'test',
    1 => 'Uploads',
    2 => 'index',
  ),
  'convert' => false,
)
[ info ] [ HEADER ] array (
  'cookie' => 'pgv_pvi=8334624768; Phpstorm-d94e29df=3e57be35-439d-4c88-96f0-17e535265bc9; PHPSESSID=bf5d0jbe6m2qcue5ak7h02ers3',
  'accept-language' => 'zh-CN,zh;q=0.9',
  'accept-encoding' => 'gzip, deflate, br',
  'referer' => 'http://localhost/test/uploads/up.html',
  'accept' => 'text/html,application/xhtml+xml,application/xml;q=0.9,image/webp,image/apng,*/*;q=0.8',
  'user-agent' => 'Mozilla/5.0 (Windows NT 10.0; WOW64) AppleWebKit/537.36 (KHTML, like Gecko) Chrome/64.0.3282.186 Safari/537.36',
  'upgrade-insecure-requests' => '1',
  'connection' => 'keep-alive',
  'host' => 'localhost',
  'content-length' => '',
  'content-type' => '',
)
[ info ] [ PARAM ] array (
)
[ info ] [ RUN ] app\test\controller\Uploads->index[ E:\phpStudy\PHPTutorial\WWW\tp5.0\application\test\controller\Uploads.php ]
[ info ] [ VIEW ] E:\phpStudy\PHPTutorial\WWW\tp5.0\public/../application/test\view\uploads\index.php [ array (
) ]
[ info ] [ LOG ] INIT File
