---------------------------------------------------------------
[ 2018-04-19T22:36:29+08:00 ] 127.0.0.1 POST /studySystem/updateRealname
[ info ] localhost/studySystem/updateRealname [运行时间：0.044303s][吞吐率：22.57req/s] [内存消耗：2,266.48kb] [文件加载：53]
[ info ] [ LANG ] D:\PHPstudy\PHPTutorial\WWW\studySystem\tp5.0\thinkphp\lang\zh-cn.php
[ info ] [ ROUTE ] array (
  'type' => 'module',
  'module' => 
  array (
    0 => 'studySystem',
    1 => 'Index',
    2 => 'updateRealname',
  ),
  'convert' => false,
)
[ info ] [ HEADER ] array (
  'cookie' => 'PHPSESSID=9iqb62tkbd4jklqahda44vd0g5',
  'accept-language' => 'zh-CN,zh;q=0.9',
  'accept-encoding' => 'gzip, deflate, br',
  'referer' => 'http://localhost/studySystem/lookBasicData',
  'accept' => 'text/html,application/xhtml+xml,application/xml;q=0.9,image/webp,image/apng,*/*;q=0.8',
  'user-agent' => 'Mozilla/5.0 (Windows NT 6.3; Win64; x64) AppleWebKit/537.36 (KHTML, like Gecko) Chrome/65.0.3325.181 Safari/537.36',
  'content-type' => 'application/x-www-form-urlencoded',
  'upgrade-insecure-requests' => '1',
  'origin' => 'http://localhost',
  'cache-control' => 'max-age=0',
  'content-length' => '27',
  'connection' => 'keep-alive',
  'host' => 'localhost',
)
[ info ] [ PARAM ] array (
  'realname' => '测试',
)
[ info ] [ RUN ] app\studySystem\controller\Index->updateRealname[ D:\PHPstudy\PHPTutorial\WWW\studySystem\tp5.0\application\studySystem\controller\Index.php ]
[ info ] [ DB ] INIT mysql
[ info ] [ VIEW ] D:\PHPstudy\PHPTutorial\WWW\studySystem\tp5.0\public/../application/studysystem\view\index\lookBasicData.php [ array (
) ]
[ info ] [ LOG ] INIT File
[ sql ] [ DB ] CONNECT:[ UseTime:0.000981s ] mysql:host=127.0.0.1;dbname=studysystem;charset=utf8
[ sql ] [ SQL ] select * from userdata where uid = "4" [ RunTime:0.000519s ]
[ sql ] [ SQL ] update userdata set realname="测试" where uid="4" [ RunTime:0.000480s ]
[ sql ] [ SQL ] select * from userdata where uid = "4" [ RunTime:0.000533s ]
---------------------------------------------------------------
[ 2018-04-19T22:36:30+08:00 ] 127.0.0.1 GET /studySystem/lookUserAcademy
[ info ] localhost/studySystem/lookUserAcademy [运行时间：0.044848s][吞吐率：22.30req/s] [内存消耗：2,264.63kb] [文件加载：53]
[ info ] [ LANG ] D:\PHPstudy\PHPTutorial\WWW\studySystem\tp5.0\thinkphp\lang\zh-cn.php
[ info ] [ ROUTE ] array (
  'type' => 'module',
  'module' => 
  array (
    0 => 'studySystem',
    1 => 'Index',
    2 => 'lookUserAcademy',
  ),
  'convert' => false,
)
[ info ] [ HEADER ] array (
  'cookie' => 'PHPSESSID=9iqb62tkbd4jklqahda44vd0g5',
  'accept-language' => 'zh-CN,zh;q=0.9',
  'accept-encoding' => 'gzip, deflate, br',
  'referer' => 'http://localhost/static/studySystem/left.html',
  'accept' => 'text/html,application/xhtml+xml,application/xml;q=0.9,image/webp,image/apng,*/*;q=0.8',
  'user-agent' => 'Mozilla/5.0 (Windows NT 6.3; Win64; x64) AppleWebKit/537.36 (KHTML, like Gecko) Chrome/65.0.3325.181 Safari/537.36',
  'upgrade-insecure-requests' => '1',
  'connection' => 'keep-alive',
  'host' => 'localhost',
  'content-length' => '',
  'content-type' => '',
)
[ info ] [ PARAM ] array (
)
[ info ] [ RUN ] app\studySystem\controller\Index->lookUserAcademy[ D:\PHPstudy\PHPTutorial\WWW\studySystem\tp5.0\application\studySystem\controller\Index.php ]
[ info ] [ VIEW ] D:\PHPstudy\PHPTutorial\WWW\studySystem\tp5.0\public/../application/studysystem\view\index\lookUserAcademy.php [ array (
) ]
[ info ] [ DB ] INIT mysql
[ info ] [ LOG ] INIT File
[ sql ] [ DB ] CONNECT:[ UseTime:0.000895s ] mysql:host=127.0.0.1;dbname=studysystem;charset=utf8
[ sql ] [ SQL ] select * from userdata where uid = "4" [ RunTime:0.000506s ]
---------------------------------------------------------------
[ 2018-04-19T22:36:34+08:00 ] 127.0.0.1 POST /studySystem/editUserAcademy
[ info ] localhost/studySystem/editUserAcademy [运行时间：0.039011s][吞吐率：25.63req/s] [内存消耗：2,265.16kb] [文件加载：53]
[ info ] [ LANG ] D:\PHPstudy\PHPTutorial\WWW\studySystem\tp5.0\thinkphp\lang\zh-cn.php
[ info ] [ ROUTE ] array (
  'type' => 'module',
  'module' => 
  array (
    0 => 'studySystem',
    1 => 'Index',
    2 => 'editUserAcademy',
  ),
  'convert' => false,
)
[ info ] [ HEADER ] array (
  'cookie' => 'PHPSESSID=9iqb62tkbd4jklqahda44vd0g5',
  'accept-language' => 'zh-CN,zh;q=0.9',
  'accept-encoding' => 'gzip, deflate, br',
  'referer' => 'http://localhost/studySystem/lookUserAcademy',
  'accept' => 'text/html,application/xhtml+xml,application/xml;q=0.9,image/webp,image/apng,*/*;q=0.8',
  'user-agent' => 'Mozilla/5.0 (Windows NT 6.3; Win64; x64) AppleWebKit/537.36 (KHTML, like Gecko) Chrome/65.0.3325.181 Safari/537.36',
  'content-type' => 'application/x-www-form-urlencoded',
  'upgrade-insecure-requests' => '1',
  'origin' => 'http://localhost',
  'cache-control' => 'max-age=0',
  'content-length' => '0',
  'connection' => 'keep-alive',
  'host' => 'localhost',
)
[ info ] [ PARAM ] array (
)
[ info ] [ RUN ] app\studySystem\controller\Index->editUserAcademy[ D:\PHPstudy\PHPTutorial\WWW\studySystem\tp5.0\application\studySystem\controller\Index.php ]
[ info ] [ VIEW ] D:\PHPstudy\PHPTutorial\WWW\studySystem\tp5.0\public/../application/studysystem\view\index\editUserAcademy.php [ array (
) ]
[ info ] [ DB ] INIT mysql
[ info ] [ LOG ] INIT File
[ sql ] [ DB ] CONNECT:[ UseTime:0.000851s ] mysql:host=127.0.0.1;dbname=studysystem;charset=utf8
[ sql ] [ SQL ] select * from userdata where uid = "4" [ RunTime:0.000530s ]
---------------------------------------------------------------
[ 2018-04-19T22:36:34+08:00 ] 127.0.0.1 GET /studySystem/down-arrow.png
[ info ] localhost/studySystem/down-arrow.png [运行时间：0.027143s][吞吐率：36.84req/s] [内存消耗：1,156.81kb] [文件加载：39]
[ info ] [ LANG ] D:\PHPstudy\PHPTutorial\WWW\studySystem\tp5.0\thinkphp\lang\zh-cn.php
[ info ] [ ROUTE ] array (
  'type' => 'module',
  'module' => 
  array (
    0 => 'studySystem',
    1 => 'down-arrow.png',
    2 => NULL,
  ),
)
[ info ] [ HEADER ] array (
  'cookie' => 'PHPSESSID=9iqb62tkbd4jklqahda44vd0g5',
  'accept-language' => 'zh-CN,zh;q=0.9',
  'accept-encoding' => 'gzip, deflate, br',
  'referer' => 'http://localhost/studySystem/editUserAcademy',
  'accept' => 'image/webp,image/apng,image/*,*/*;q=0.8',
  'user-agent' => 'Mozilla/5.0 (Windows NT 6.3; Win64; x64) AppleWebKit/537.36 (KHTML, like Gecko) Chrome/65.0.3325.181 Safari/537.36',
  'connection' => 'keep-alive',
  'host' => 'localhost',
  'content-length' => '',
  'content-type' => '',
)
[ info ] [ PARAM ] array (
)
[ info ] [ LOG ] INIT File
---------------------------------------------------------------
[ 2018-04-19T22:36:41+08:00 ] 127.0.0.1 POST /studySystem/updateUserAcademy
[ info ] localhost/studySystem/updateUserAcademy [运行时间：0.041385s][吞吐率：24.16req/s] [内存消耗：2,266.91kb] [文件加载：53]
[ info ] [ LANG ] D:\PHPstudy\PHPTutorial\WWW\studySystem\tp5.0\thinkphp\lang\zh-cn.php
[ info ] [ ROUTE ] array (
  'type' => 'module',
  'module' => 
  array (
    0 => 'studySystem',
    1 => 'Index',
    2 => 'updateUserAcademy',
  ),
  'convert' => false,
)
[ info ] [ HEADER ] array (
  'cookie' => 'PHPSESSID=9iqb62tkbd4jklqahda44vd0g5',
  'accept-language' => 'zh-CN,zh;q=0.9',
  'accept-encoding' => 'gzip, deflate, br',
  'referer' => 'http://localhost/studySystem/editUserAcademy',
  'accept' => 'text/html,application/xhtml+xml,application/xml;q=0.9,image/webp,image/apng,*/*;q=0.8',
  'user-agent' => 'Mozilla/5.0 (Windows NT 6.3; Win64; x64) AppleWebKit/537.36 (KHTML, like Gecko) Chrome/65.0.3325.181 Safari/537.36',
  'content-type' => 'application/x-www-form-urlencoded',
  'upgrade-insecure-requests' => '1',
  'origin' => 'http://localhost',
  'cache-control' => 'max-age=0',
  'content-length' => '92',
  'connection' => 'keep-alive',
  'host' => 'localhost',
)
[ info ] [ PARAM ] array (
  'realname' => '测试',
  'number' => '666',
  'academy' => '自动化学院',
)
[ info ] [ RUN ] app\studySystem\controller\Index->updateUserAcademy[ D:\PHPstudy\PHPTutorial\WWW\studySystem\tp5.0\application\studySystem\controller\Index.php ]
[ info ] [ DB ] INIT mysql
[ info ] [ VIEW ] D:\PHPstudy\PHPTutorial\WWW\studySystem\tp5.0\public/../application/studysystem\view\index\lookUserAcademy.php [ array (
) ]
[ info ] [ LOG ] INIT File
[ sql ] [ DB ] CONNECT:[ UseTime:0.000934s ] mysql:host=127.0.0.1;dbname=studysystem;charset=utf8
[ sql ] [ SQL ] select * from userdata where uid = "4" [ RunTime:0.000513s ]
[ sql ] [ SQL ] update userdata set realname="测试",number="666",academy="自动化学院" where uid="4" [ RunTime:0.000505s ]
[ sql ] [ SQL ] select * from userdata where uid = "4" [ RunTime:0.000497s ]
---------------------------------------------------------------
[ 2018-04-19T22:36:43+08:00 ] 127.0.0.1 GET /studySystem/lookTCourse
[ info ] localhost/studySystem/lookTCourse [运行时间：0.039676s][吞吐率：25.20req/s] [内存消耗：2,251.61kb] [文件加载：53]
[ info ] [ LANG ] D:\PHPstudy\PHPTutorial\WWW\studySystem\tp5.0\thinkphp\lang\zh-cn.php
[ info ] [ ROUTE ] array (
  'type' => 'module',
  'module' => 
  array (
    0 => 'studySystem',
    1 => 'Index',
    2 => 'lookTCourse',
  ),
  'convert' => false,
)
[ info ] [ HEADER ] array (
  'cookie' => 'PHPSESSID=9iqb62tkbd4jklqahda44vd0g5',
  'accept-language' => 'zh-CN,zh;q=0.9',
  'accept-encoding' => 'gzip, deflate, br',
  'referer' => 'http://localhost/static/studySystem/left.html',
  'accept' => 'text/html,application/xhtml+xml,application/xml;q=0.9,image/webp,image/apng,*/*;q=0.8',
  'user-agent' => 'Mozilla/5.0 (Windows NT 6.3; Win64; x64) AppleWebKit/537.36 (KHTML, like Gecko) Chrome/65.0.3325.181 Safari/537.36',
  'upgrade-insecure-requests' => '1',
  'connection' => 'keep-alive',
  'host' => 'localhost',
  'content-length' => '',
  'content-type' => '',
)
[ info ] [ PARAM ] array (
)
[ info ] [ RUN ] app\studySystem\controller\Index->lookTCourse[ D:\PHPstudy\PHPTutorial\WWW\studySystem\tp5.0\application\studySystem\controller\Index.php ]
[ info ] [ VIEW ] D:\PHPstudy\PHPTutorial\WWW\studySystem\tp5.0\public/../application/studysystem\view\index\lookTCourse.php [ array (
) ]
[ info ] [ DB ] INIT mysql
[ info ] [ LOG ] INIT File
[ sql ] [ DB ] CONNECT:[ UseTime:0.001052s ] mysql:host=127.0.0.1;dbname=studysystem;charset=utf8
[ sql ] [ SQL ] select * from course where tid = "4" [ RunTime:0.000504s ]
---------------------------------------------------------------
[ 2018-04-19T22:36:45+08:00 ] 127.0.0.1 GET /studySystem/addCourseForm
[ info ] localhost/studySystem/addCourseForm [运行时间：0.043240s][吞吐率：23.13req/s] [内存消耗：2,264.62kb] [文件加载：53]
[ info ] [ LANG ] D:\PHPstudy\PHPTutorial\WWW\studySystem\tp5.0\thinkphp\lang\zh-cn.php
[ info ] [ ROUTE ] array (
  'type' => 'module',
  'module' => 
  array (
    0 => 'studySystem',
    1 => 'Index',
    2 => 'addCourseForm',
  ),
  'convert' => false,
)
[ info ] [ HEADER ] array (
  'cookie' => 'PHPSESSID=9iqb62tkbd4jklqahda44vd0g5',
  'accept-language' => 'zh-CN,zh;q=0.9',
  'accept-encoding' => 'gzip, deflate, br',
  'referer' => 'http://localhost/static/studySystem/left.html',
  'accept' => 'text/html,application/xhtml+xml,application/xml;q=0.9,image/webp,image/apng,*/*;q=0.8',
  'user-agent' => 'Mozilla/5.0 (Windows NT 6.3; Win64; x64) AppleWebKit/537.36 (KHTML, like Gecko) Chrome/65.0.3325.181 Safari/537.36',
  'upgrade-insecure-requests' => '1',
  'connection' => 'keep-alive',
  'host' => 'localhost',
  'content-length' => '',
  'content-type' => '',
)
[ info ] [ PARAM ] array (
)
[ info ] [ RUN ] app\studySystem\controller\Index->addCourseForm[ D:\PHPstudy\PHPTutorial\WWW\studySystem\tp5.0\application\studySystem\controller\Index.php ]
[ info ] [ VIEW ] D:\PHPstudy\PHPTutorial\WWW\studySystem\tp5.0\public/../application/studysystem\view\index\addCourseForm.php [ array (
) ]
[ info ] [ DB ] INIT mysql
[ info ] [ LOG ] INIT File
[ sql ] [ DB ] CONNECT:[ UseTime:0.001002s ] mysql:host=127.0.0.1;dbname=studysystem;charset=utf8
[ sql ] [ SQL ] select * from userdata where uid = "4" [ RunTime:0.000516s ]
---------------------------------------------------------------
[ 2018-04-19T22:36:45+08:00 ] 127.0.0.1 GET /studySystem/down-arrow.png
[ info ] localhost/studySystem/down-arrow.png [运行时间：0.025147s][吞吐率：39.77req/s] [内存消耗：1,156.79kb] [文件加载：39]
[ info ] [ LANG ] D:\PHPstudy\PHPTutorial\WWW\studySystem\tp5.0\thinkphp\lang\zh-cn.php
[ info ] [ ROUTE ] array (
  'type' => 'module',
  'module' => 
  array (
    0 => 'studySystem',
    1 => 'down-arrow.png',
    2 => NULL,
  ),
)
[ info ] [ HEADER ] array (
  'cookie' => 'PHPSESSID=9iqb62tkbd4jklqahda44vd0g5',
  'accept-language' => 'zh-CN,zh;q=0.9',
  'accept-encoding' => 'gzip, deflate, br',
  'referer' => 'http://localhost/studySystem/addCourseForm',
  'accept' => 'image/webp,image/apng,image/*,*/*;q=0.8',
  'user-agent' => 'Mozilla/5.0 (Windows NT 6.3; Win64; x64) AppleWebKit/537.36 (KHTML, like Gecko) Chrome/65.0.3325.181 Safari/537.36',
  'connection' => 'keep-alive',
  'host' => 'localhost',
  'content-length' => '',
  'content-type' => '',
)
[ info ] [ PARAM ] array (
)
[ info ] [ LOG ] INIT File
---------------------------------------------------------------
[ 2018-04-19T22:36:56+08:00 ] 127.0.0.1 POST /studySystem/addCourse
[ info ] localhost/studySystem/addCourse [运行时间：0.042752s][吞吐率：23.39req/s] [内存消耗：2,295.70kb] [文件加载：54]
[ info ] [ LANG ] D:\PHPstudy\PHPTutorial\WWW\studySystem\tp5.0\thinkphp\lang\zh-cn.php
[ info ] [ ROUTE ] array (
  'type' => 'module',
  'module' => 
  array (
    0 => 'studySystem',
    1 => 'Index',
    2 => 'addCourse',
  ),
  'convert' => false,
)
[ info ] [ HEADER ] array (
  'cookie' => 'PHPSESSID=9iqb62tkbd4jklqahda44vd0g5',
  'accept-language' => 'zh-CN,zh;q=0.9',
  'accept-encoding' => 'gzip, deflate, br',
  'referer' => 'http://localhost/studySystem/addCourseForm',
  'accept' => 'text/html,application/xhtml+xml,application/xml;q=0.9,image/webp,image/apng,*/*;q=0.8',
  'user-agent' => 'Mozilla/5.0 (Windows NT 6.3; Win64; x64) AppleWebKit/537.36 (KHTML, like Gecko) Chrome/65.0.3325.181 Safari/537.36',
  'content-type' => 'application/x-www-form-urlencoded',
  'upgrade-insecure-requests' => '1',
  'origin' => 'http://localhost',
  'cache-control' => 'max-age=0',
  'content-length' => '98',
  'connection' => 'keep-alive',
  'host' => 'localhost',
)
[ info ] [ PARAM ] array (
  'tid' => '4',
  'coursename' => '一个个',
  'academy' => '自动化学院',
)
[ info ] [ RUN ] app\studySystem\controller\Index->addCourse[ D:\PHPstudy\PHPTutorial\WWW\studySystem\tp5.0\application\studySystem\controller\Index.php ]
[ info ] [ DB ] INIT mysql
[ info ] [ VIEW ] D:\PHPstudy\PHPTutorial\WWW\studySystem\tp5.0\public/../application/studysystem\view\index\addCourseForm.php [ array (
) ]
[ info ] [ LOG ] INIT File
[ sql ] [ DB ] CONNECT:[ UseTime:0.000941s ] mysql:host=127.0.0.1;dbname=studysystem;charset=utf8
[ sql ] [ SQL ] insert into course(coursename,tid,academy) values("一个个","4","自动化学院") [ RunTime:0.000485s ]
[ sql ] [ SQL ] select * from userdata where uid = "4" [ RunTime:0.000749s ]
---------------------------------------------------------------
[ 2018-04-19T22:36:58+08:00 ] 127.0.0.1 GET /studySystem/down-arrow.png
[ info ] localhost/studySystem/down-arrow.png [运行时间：0.025547s][吞吐率：39.14req/s] [内存消耗：1,156.73kb] [文件加载：39]
[ info ] [ LANG ] D:\PHPstudy\PHPTutorial\WWW\studySystem\tp5.0\thinkphp\lang\zh-cn.php
[ info ] [ ROUTE ] array (
  'type' => 'module',
  'module' => 
  array (
    0 => 'studySystem',
    1 => 'down-arrow.png',
    2 => NULL,
  ),
)
[ info ] [ HEADER ] array (
  'cookie' => 'PHPSESSID=9iqb62tkbd4jklqahda44vd0g5',
  'accept-language' => 'zh-CN,zh;q=0.9',
  'accept-encoding' => 'gzip, deflate, br',
  'referer' => 'http://localhost/studySystem/addCourse',
  'accept' => 'image/webp,image/apng,image/*,*/*;q=0.8',
  'user-agent' => 'Mozilla/5.0 (Windows NT 6.3; Win64; x64) AppleWebKit/537.36 (KHTML, like Gecko) Chrome/65.0.3325.181 Safari/537.36',
  'connection' => 'keep-alive',
  'host' => 'localhost',
  'content-length' => '',
  'content-type' => '',
)
[ info ] [ PARAM ] array (
)
[ info ] [ LOG ] INIT File
---------------------------------------------------------------
[ 2018-04-19T22:36:59+08:00 ] 127.0.0.1 GET /studySystem/lookTCourse
[ info ] localhost/studySystem/lookTCourse [运行时间：0.040910s][吞吐率：24.44req/s] [内存消耗：2,251.84kb] [文件加载：53]
[ info ] [ LANG ] D:\PHPstudy\PHPTutorial\WWW\studySystem\tp5.0\thinkphp\lang\zh-cn.php
[ info ] [ ROUTE ] array (
  'type' => 'module',
  'module' => 
  array (
    0 => 'studySystem',
    1 => 'Index',
    2 => 'lookTCourse',
  ),
  'convert' => false,
)
[ info ] [ HEADER ] array (
  'cookie' => 'PHPSESSID=9iqb62tkbd4jklqahda44vd0g5',
  'accept-language' => 'zh-CN,zh;q=0.9',
  'accept-encoding' => 'gzip, deflate, br',
  'referer' => 'http://localhost/static/studySystem/left.html',
  'accept' => 'text/html,application/xhtml+xml,application/xml;q=0.9,image/webp,image/apng,*/*;q=0.8',
  'user-agent' => 'Mozilla/5.0 (Windows NT 6.3; Win64; x64) AppleWebKit/537.36 (KHTML, like Gecko) Chrome/65.0.3325.181 Safari/537.36',
  'upgrade-insecure-requests' => '1',
  'connection' => 'keep-alive',
  'host' => 'localhost',
  'content-length' => '',
  'content-type' => '',
)
[ info ] [ PARAM ] array (
)
[ info ] [ RUN ] app\studySystem\controller\Index->lookTCourse[ D:\PHPstudy\PHPTutorial\WWW\studySystem\tp5.0\application\studySystem\controller\Index.php ]
[ info ] [ VIEW ] D:\PHPstudy\PHPTutorial\WWW\studySystem\tp5.0\public/../application/studysystem\view\index\lookTCourse.php [ array (
) ]
[ info ] [ DB ] INIT mysql
[ info ] [ LOG ] INIT File
[ sql ] [ DB ] CONNECT:[ UseTime:0.000949s ] mysql:host=127.0.0.1;dbname=studysystem;charset=utf8
[ sql ] [ SQL ] select * from course where tid = "4" [ RunTime:0.000461s ]
---------------------------------------------------------------
[ 2018-04-19T22:37:01+08:00 ] 127.0.0.1 GET /studySystem/uploadFile1
[ info ] localhost/studySystem/uploadFile1 [运行时间：0.040046s][吞吐率：24.97req/s] [内存消耗：2,251.82kb] [文件加载：53]
[ info ] [ LANG ] D:\PHPstudy\PHPTutorial\WWW\studySystem\tp5.0\thinkphp\lang\zh-cn.php
[ info ] [ ROUTE ] array (
  'type' => 'module',
  'module' => 
  array (
    0 => 'studySystem',
    1 => 'Index',
    2 => 'uploadFile1',
  ),
  'convert' => false,
)
[ info ] [ HEADER ] array (
  'cookie' => 'PHPSESSID=9iqb62tkbd4jklqahda44vd0g5',
  'accept-language' => 'zh-CN,zh;q=0.9',
  'accept-encoding' => 'gzip, deflate, br',
  'referer' => 'http://localhost/static/studySystem/left.html',
  'accept' => 'text/html,application/xhtml+xml,application/xml;q=0.9,image/webp,image/apng,*/*;q=0.8',
  'user-agent' => 'Mozilla/5.0 (Windows NT 6.3; Win64; x64) AppleWebKit/537.36 (KHTML, like Gecko) Chrome/65.0.3325.181 Safari/537.36',
  'upgrade-insecure-requests' => '1',
  'connection' => 'keep-alive',
  'host' => 'localhost',
  'content-length' => '',
  'content-type' => '',
)
[ info ] [ PARAM ] array (
)
[ info ] [ RUN ] app\studySystem\controller\Index->uploadFile1[ D:\PHPstudy\PHPTutorial\WWW\studySystem\tp5.0\application\studySystem\controller\Index.php ]
[ info ] [ VIEW ] D:\PHPstudy\PHPTutorial\WWW\studySystem\tp5.0\public/../application/studysystem\view\index\uploadFile.php [ array (
) ]
[ info ] [ DB ] INIT mysql
[ info ] [ LOG ] INIT File
[ sql ] [ DB ] CONNECT:[ UseTime:0.000842s ] mysql:host=127.0.0.1;dbname=studysystem;charset=utf8
[ sql ] [ SQL ] select * from course where tid = "4" [ RunTime:0.000511s ]
---------------------------------------------------------------
[ 2018-04-19T22:37:15+08:00 ] 127.0.0.1 POST /studySystem/uploadFile2
[ info ] localhost/studySystem/uploadFile2 [运行时间：0.033492s][吞吐率：29.86req/s] [内存消耗：1,382.63kb] [文件加载：42]
[ info ] [ LANG ] D:\PHPstudy\PHPTutorial\WWW\studySystem\tp5.0\thinkphp\lang\zh-cn.php
[ info ] [ ROUTE ] array (
  'type' => 'module',
  'module' => 
  array (
    0 => 'studySystem',
    1 => 'Index',
    2 => 'uploadFile2',
  ),
  'convert' => false,
)
[ info ] [ HEADER ] array (
  'cookie' => 'PHPSESSID=9iqb62tkbd4jklqahda44vd0g5',
  'accept-language' => 'zh-CN,zh;q=0.9',
  'accept-encoding' => 'gzip, deflate, br',
  'referer' => 'http://localhost/studySystem/uploadFile1',
  'accept' => 'text/html,application/xhtml+xml,application/xml;q=0.9,image/webp,image/apng,*/*;q=0.8',
  'user-agent' => 'Mozilla/5.0 (Windows NT 6.3; Win64; x64) AppleWebKit/537.36 (KHTML, like Gecko) Chrome/65.0.3325.181 Safari/537.36',
  'content-type' => 'multipart/form-data; boundary=----WebKitFormBoundaryJPdJ5AWF7ihOG856',
  'upgrade-insecure-requests' => '1',
  'origin' => 'http://localhost',
  'cache-control' => 'max-age=0',
  'content-length' => '41004',
  'connection' => 'keep-alive',
  'host' => 'localhost',
)
[ info ] [ PARAM ] array (
  'coursename' => '一个个(自动化学院)',
)
[ info ] [ RUN ] app\studySystem\controller\Index->uploadFile2[ D:\PHPstudy\PHPTutorial\WWW\studySystem\tp5.0\application\studySystem\controller\Index.php ]
[ info ] [ LOG ] INIT File
